<?xml version="1.0" encoding="UTF-8"?>
<coverage generated="1543525643291" clover="3.2.0">
  <project timestamp="1543525643291" name="All files">
    <metrics statements="386" coveredstatements="328" conditionals="111" coveredconditionals="75" methods="182" coveredmethods="130" elements="679" coveredelements="533" complexity="0" loc="386" ncloc="386" packages="14" files="32" classes="32">
      <package name="src">
        <metrics statements="24" coveredstatements="0" conditionals="25" coveredconditionals="0" methods="16" coveredmethods="0"/>
        <file name="index.js" path="/Users/tanner/go/src/github.com/quintilesims/orca/rostrum/src/index.js">
          <metrics statements="9" coveredstatements="0" conditionals="4" coveredconditionals="0" methods="1" coveredmethods="0"/>
          <line num="1" count="0" type="stmt"/>
          <line num="2" count="0" type="stmt"/>
          <line num="3" count="0" type="stmt"/>
          <line num="4" count="0" type="stmt"/>
          <line num="6" count="0" type="stmt"/>
          <line num="7" count="0" type="stmt"/>
          <line num="9" count="0" type="cond" truecount="0" falsecount="4"/>
          <line num="11" count="0" type="stmt"/>
          <line num="16" count="0" type="stmt"/>
        </file>
        <file name="registerServiceWorker.js" path="/Users/tanner/go/src/github.com/quintilesims/orca/rostrum/src/registerServiceWorker.js">
          <metrics statements="15" coveredstatements="0" conditionals="21" coveredconditionals="0" methods="15" coveredmethods="0"/>
          <line num="1" count="0" type="stmt"/>
          <line num="21" count="0" type="stmt"/>
          <line num="118" count="0" type="cond" truecount="0" falsecount="3"/>
          <line num="120" count="0" type="cond" truecount="0" falsecount="4"/>
          <line num="121" count="0" type="cond" truecount="0" falsecount="2"/>
          <line num="124" count="0" type="cond" truecount="0" falsecount="2"/>
          <line num="125" count="0" type="stmt"/>
          <line num="127" count="0" type="stmt"/>
          <line num="128" count="0" type="cond" truecount="0" falsecount="4"/>
          <line num="132" count="0" type="stmt"/>
          <line num="135" count="0" type="stmt"/>
          <line num="136" count="0" type="stmt"/>
          <line num="137" count="0" type="cond" truecount="0" falsecount="4"/>
          <line num="138" count="0" type="stmt"/>
          <line num="139" count="0" type="cond" truecount="0" falsecount="2"/>
        </file>
      </package>
      <package name="src.actions">
        <metrics statements="55" coveredstatements="55" conditionals="0" coveredconditionals="0" methods="27" coveredmethods="27"/>
        <file name="actionTypes.js" path="/Users/tanner/go/src/github.com/quintilesims/orca/rostrum/src/actions/actionTypes.js">
          <metrics statements="28" coveredstatements="28" conditionals="0" coveredconditionals="0" methods="0" coveredmethods="0"/>
          <line num="1" count="21" type="stmt"/>
          <line num="2" count="21" type="stmt"/>
          <line num="3" count="21" type="stmt"/>
          <line num="4" count="21" type="stmt"/>
          <line num="5" count="21" type="stmt"/>
          <line num="6" count="21" type="stmt"/>
          <line num="7" count="21" type="stmt"/>
          <line num="8" count="21" type="stmt"/>
          <line num="9" count="21" type="stmt"/>
          <line num="10" count="21" type="stmt"/>
          <line num="11" count="21" type="stmt"/>
          <line num="12" count="21" type="stmt"/>
          <line num="13" count="21" type="stmt"/>
          <line num="14" count="21" type="stmt"/>
          <line num="15" count="21" type="stmt"/>
          <line num="16" count="21" type="stmt"/>
          <line num="17" count="21" type="stmt"/>
          <line num="18" count="21" type="stmt"/>
          <line num="19" count="21" type="stmt"/>
          <line num="20" count="21" type="stmt"/>
          <line num="21" count="21" type="stmt"/>
          <line num="22" count="21" type="stmt"/>
          <line num="23" count="21" type="stmt"/>
          <line num="24" count="21" type="stmt"/>
          <line num="25" count="21" type="stmt"/>
          <line num="26" count="21" type="stmt"/>
          <line num="27" count="21" type="stmt"/>
          <line num="28" count="21" type="stmt"/>
        </file>
        <file name="namespaces.js" path="/Users/tanner/go/src/github.com/quintilesims/orca/rostrum/src/actions/namespaces.js">
          <metrics statements="12" coveredstatements="12" conditionals="0" coveredconditionals="0" methods="12" coveredmethods="12"/>
          <line num="4" count="1" type="stmt"/>
          <line num="11" count="2" type="stmt"/>
          <line num="18" count="3" type="stmt"/>
          <line num="25" count="1" type="stmt"/>
          <line num="32" count="1" type="stmt"/>
          <line num="40" count="2" type="stmt"/>
          <line num="47" count="2" type="stmt"/>
          <line num="55" count="2" type="stmt"/>
          <line num="62" count="2" type="stmt"/>
          <line num="68" count="3" type="stmt"/>
          <line num="75" count="5" type="stmt"/>
          <line num="82" count="1" type="stmt"/>
        </file>
        <file name="rolebindings.js" path="/Users/tanner/go/src/github.com/quintilesims/orca/rostrum/src/actions/rolebindings.js">
          <metrics statements="11" coveredstatements="11" conditionals="0" coveredconditionals="0" methods="11" coveredmethods="11"/>
          <line num="5" count="1" type="stmt"/>
          <line num="14" count="3" type="stmt"/>
          <line num="21" count="8" type="stmt"/>
          <line num="29" count="1" type="stmt"/>
          <line num="37" count="1" type="stmt"/>
          <line num="46" count="2" type="stmt"/>
          <line num="53" count="2" type="stmt"/>
          <line num="62" count="1" type="stmt"/>
          <line num="69" count="5" type="stmt"/>
          <line num="76" count="4" type="stmt"/>
          <line num="83" count="4" type="stmt"/>
        </file>
        <file name="roles.js" path="/Users/tanner/go/src/github.com/quintilesims/orca/rostrum/src/actions/roles.js">
          <metrics statements="4" coveredstatements="4" conditionals="0" coveredconditionals="0" methods="4" coveredmethods="4"/>
          <line num="4" count="1" type="stmt"/>
          <line num="12" count="2" type="stmt"/>
          <line num="19" count="1" type="stmt"/>
          <line num="26" count="2" type="stmt"/>
        </file>
      </package>
      <package name="src.authenticator">
        <metrics statements="29" coveredstatements="29" conditionals="12" coveredconditionals="10" methods="8" coveredmethods="8"/>
        <file name="authenticator.js" path="/Users/tanner/go/src/github.com/quintilesims/orca/rostrum/src/authenticator/authenticator.js">
          <metrics statements="29" coveredstatements="29" conditionals="8" coveredconditionals="7" methods="8" coveredmethods="8"/>
          <line num="7" count="15" type="stmt"/>
          <line num="15" count="15" type="stmt"/>
          <line num="17" count="15" type="stmt"/>
          <line num="18" count="15" type="stmt"/>
          <line num="21" count="15" type="stmt"/>
          <line num="24" count="2" type="stmt"/>
          <line num="25" count="2" type="stmt"/>
          <line num="27" count="2" type="stmt"/>
          <line num="32" count="1" type="stmt"/>
          <line num="36" count="2" type="stmt"/>
          <line num="37" count="2" type="cond" truecount="2" falsecount="0"/>
          <line num="38" count="1" type="stmt"/>
          <line num="41" count="1" type="stmt"/>
          <line num="46" count="2" type="stmt"/>
          <line num="47" count="2" type="cond" truecount="4" falsecount="0"/>
          <line num="48" count="1" type="stmt"/>
          <line num="50" count="1" type="stmt"/>
          <line num="51" count="1" type="cond" truecount="1" falsecount="1"/>
          <line num="53" count="1" type="stmt"/>
          <line num="59" count="2" type="stmt"/>
          <line num="65" count="1" type="stmt"/>
          <line num="66" count="1" type="stmt"/>
          <line num="67" count="1" type="stmt"/>
          <line num="69" count="1" type="stmt"/>
          <line num="75" count="1" type="stmt"/>
          <line num="76" count="1" type="stmt"/>
          <line num="77" count="1" type="stmt"/>
          <line num="79" count="1" type="stmt"/>
          <line num="82" count="1" type="stmt"/>
        </file>
        <file name="history.js" path="/Users/tanner/go/src/github.com/quintilesims/orca/rostrum/src/authenticator/history.js">
          <metrics statements="0" coveredstatements="0" conditionals="4" coveredconditionals="3" methods="0" coveredmethods="0"/>
        </file>
      </package>
      <package name="src.components">
        <metrics statements="14" coveredstatements="9" conditionals="4" coveredconditionals="1" methods="7" coveredmethods="5"/>
        <file name="App.jsx" path="/Users/tanner/go/src/github.com/quintilesims/orca/rostrum/src/components/App.jsx">
          <metrics statements="1" coveredstatements="1" conditionals="0" coveredconditionals="0" methods="1" coveredmethods="1"/>
          <line num="8" count="1" type="stmt"/>
        </file>
        <file name="Root.jsx" path="/Users/tanner/go/src/github.com/quintilesims/orca/rostrum/src/components/Root.jsx">
          <metrics statements="13" coveredstatements="8" conditionals="4" coveredconditionals="1" methods="6" coveredmethods="4"/>
          <line num="14" count="2" type="cond" truecount="1" falsecount="1"/>
          <line num="15" count="2" type="stmt"/>
          <line num="16" count="2" type="stmt"/>
          <line num="18" count="2" type="stmt"/>
          <line num="19" count="2" type="stmt"/>
          <line num="23" count="2" type="stmt"/>
          <line num="24" count="0" type="stmt"/>
          <line num="25" count="0" type="cond" truecount="0" falsecount="2"/>
          <line num="26" count="0" type="stmt"/>
          <line num="29" count="0" type="stmt"/>
          <line num="34" count="2" type="stmt"/>
          <line num="35" count="0" type="stmt"/>
          <line num="40" count="2" type="stmt"/>
        </file>
      </package>
      <package name="src.components.auth">
        <metrics statements="13" coveredstatements="12" conditionals="4" coveredconditionals="3" methods="3" coveredmethods="3"/>
        <file name="Auth.jsx" path="/Users/tanner/go/src/github.com/quintilesims/orca/rostrum/src/components/auth/Auth.jsx">
          <metrics statements="13" coveredstatements="12" conditionals="4" coveredconditionals="3" methods="3" coveredmethods="3"/>
          <line num="13" count="2" type="stmt"/>
          <line num="15" count="2" type="stmt"/>
          <line num="16" count="2" type="cond" truecount="1" falsecount="1"/>
          <line num="17" count="0" type="stmt"/>
          <line num="19" count="2" type="stmt"/>
          <line num="23" count="2" type="stmt"/>
          <line num="24" count="2" type="stmt"/>
          <line num="28" count="2" type="stmt"/>
          <line num="29" count="2" type="stmt"/>
          <line num="30" count="2" type="cond" truecount="2" falsecount="0"/>
          <line num="31" count="1" type="stmt"/>
          <line num="39" count="1" type="stmt"/>
          <line num="48" count="2" type="stmt"/>
        </file>
      </package>
      <package name="src.components.callback">
        <metrics statements="1" coveredstatements="1" conditionals="0" coveredconditionals="0" methods="1" coveredmethods="1"/>
        <file name="Callback.jsx" path="/Users/tanner/go/src/github.com/quintilesims/orca/rostrum/src/components/callback/Callback.jsx">
          <metrics statements="1" coveredstatements="1" conditionals="0" coveredconditionals="0" methods="1" coveredmethods="1"/>
          <line num="4" count="1" type="stmt"/>
        </file>
      </package>
      <package name="src.components.namespaces">
        <metrics statements="46" coveredstatements="37" conditionals="6" coveredconditionals="5" methods="23" coveredmethods="10"/>
        <file name="NamespaceCreate.jsx" path="/Users/tanner/go/src/github.com/quintilesims/orca/rostrum/src/components/namespaces/NamespaceCreate.jsx">
          <metrics statements="16" coveredstatements="14" conditionals="0" coveredconditionals="0" methods="8" coveredmethods="4"/>
          <line num="9" count="3" type="stmt"/>
          <line num="11" count="3" type="stmt"/>
          <line num="12" count="3" type="stmt"/>
          <line num="16" count="1" type="stmt"/>
          <line num="18" count="1" type="stmt"/>
          <line num="20" count="1" type="stmt"/>
          <line num="24" count="1" type="stmt"/>
          <line num="26" count="1" type="stmt"/>
          <line num="28" count="1" type="stmt"/>
          <line num="32" count="3" type="stmt"/>
          <line num="34" count="3" type="stmt"/>
          <line num="58" count="5" type="stmt"/>
          <line num="64" count="5" type="stmt"/>
          <line num="68" count="5" type="stmt"/>
          <line num="70" count="0" type="stmt"/>
          <line num="72" count="0" type="stmt"/>
        </file>
        <file name="NamespaceList.jsx" path="/Users/tanner/go/src/github.com/quintilesims/orca/rostrum/src/components/namespaces/NamespaceList.jsx">
          <metrics statements="13" coveredstatements="12" conditionals="2" coveredconditionals="2" methods="6" coveredmethods="3"/>
          <line num="11" count="2" type="stmt"/>
          <line num="13" count="2" type="stmt"/>
          <line num="17" count="2" type="stmt"/>
          <line num="19" count="2" type="cond" truecount="2" falsecount="0"/>
          <line num="20" count="1" type="stmt"/>
          <line num="27" count="1" type="stmt"/>
          <line num="28" count="2" type="stmt"/>
          <line num="35" count="1" type="stmt"/>
          <line num="45" count="5" type="stmt"/>
          <line num="55" count="5" type="stmt"/>
          <line num="59" count="5" type="stmt"/>
          <line num="63" count="5" type="stmt"/>
          <line num="64" count="0" type="stmt"/>
        </file>
        <file name="NamespaceListItem.jsx" path="/Users/tanner/go/src/github.com/quintilesims/orca/rostrum/src/components/namespaces/NamespaceListItem.jsx">
          <metrics statements="16" coveredstatements="10" conditionals="4" coveredconditionals="3" methods="8" coveredmethods="2"/>
          <line num="9" count="2" type="stmt"/>
          <line num="11" count="2" type="stmt"/>
          <line num="12" count="2" type="stmt"/>
          <line num="16" count="0" type="stmt"/>
          <line num="17" count="0" type="stmt"/>
          <line num="21" count="0" type="stmt"/>
          <line num="22" count="0" type="stmt"/>
          <line num="26" count="2" type="stmt"/>
          <line num="27" count="2" type="cond" truecount="2" falsecount="0"/>
          <line num="28" count="2" type="cond" truecount="1" falsecount="1"/>
          <line num="30" count="2" type="stmt"/>
          <line num="53" count="6" type="stmt"/>
          <line num="61" count="6" type="stmt"/>
          <line num="65" count="6" type="stmt"/>
          <line num="66" count="0" type="stmt"/>
          <line num="67" count="0" type="stmt"/>
        </file>
        <file name="Namespaces.jsx" path="/Users/tanner/go/src/github.com/quintilesims/orca/rostrum/src/components/namespaces/Namespaces.jsx">
          <metrics statements="1" coveredstatements="1" conditionals="0" coveredconditionals="0" methods="1" coveredmethods="1"/>
          <line num="7" count="1" type="stmt"/>
        </file>
      </package>
      <package name="src.components.navigationBar">
        <metrics statements="6" coveredstatements="6" conditionals="2" coveredconditionals="2" methods="1" coveredmethods="1"/>
        <file name="NavigationBar.jsx" path="/Users/tanner/go/src/github.com/quintilesims/orca/rostrum/src/components/navigationBar/NavigationBar.jsx">
          <metrics statements="6" coveredstatements="6" conditionals="2" coveredconditionals="2" methods="1" coveredmethods="1"/>
          <line num="6" count="3" type="stmt"/>
          <line num="7" count="3" type="cond" truecount="2" falsecount="0"/>
          <line num="8" count="2" type="stmt"/>
          <line num="24" count="1" type="stmt"/>
          <line num="37" count="3" type="stmt"/>
          <line num="43" count="3" type="stmt"/>
        </file>
      </package>
      <package name="src.components.rolebindings">
        <metrics statements="43" coveredstatements="39" conditionals="2" coveredconditionals="2" methods="20" coveredmethods="10"/>
        <file name="RolebindingCreate.jsx" path="/Users/tanner/go/src/github.com/quintilesims/orca/rostrum/src/components/rolebindings/RolebindingCreate.jsx">
          <metrics statements="20" coveredstatements="17" conditionals="0" coveredconditionals="0" methods="9" coveredmethods="4"/>
          <line num="13" count="3" type="stmt"/>
          <line num="15" count="3" type="stmt"/>
          <line num="16" count="3" type="stmt"/>
          <line num="20" count="1" type="stmt"/>
          <line num="21" count="1" type="stmt"/>
          <line num="22" count="1" type="stmt"/>
          <line num="23" count="1" type="stmt"/>
          <line num="24" count="1" type="stmt"/>
          <line num="28" count="1" type="stmt"/>
          <line num="34" count="1" type="stmt"/>
          <line num="36" count="1" type="stmt"/>
          <line num="48" count="3" type="stmt"/>
          <line num="50" count="3" type="stmt"/>
          <line num="51" count="0" type="stmt"/>
          <line num="54" count="3" type="stmt"/>
          <line num="87" count="5" type="stmt"/>
          <line num="96" count="5" type="stmt"/>
          <line num="103" count="5" type="stmt"/>
          <line num="105" count="0" type="stmt"/>
          <line num="108" count="0" type="stmt"/>
        </file>
        <file name="RolebindingList.jsx" path="/Users/tanner/go/src/github.com/quintilesims/orca/rostrum/src/components/rolebindings/RolebindingList.jsx">
          <metrics statements="7" coveredstatements="7" conditionals="0" coveredconditionals="0" methods="3" coveredmethods="2"/>
          <line num="8" count="2" type="stmt"/>
          <line num="10" count="2" type="stmt"/>
          <line num="11" count="2" type="stmt"/>
          <line num="14" count="2" type="stmt"/>
          <line num="22" count="5" type="stmt"/>
          <line num="27" count="5" type="stmt"/>
          <line num="31" count="5" type="stmt"/>
        </file>
        <file name="RolebindingListItem.jsx" path="/Users/tanner/go/src/github.com/quintilesims/orca/rostrum/src/components/rolebindings/RolebindingListItem.jsx">
          <metrics statements="10" coveredstatements="9" conditionals="0" coveredconditionals="0" methods="6" coveredmethods="3"/>
          <line num="10" count="2" type="stmt"/>
          <line num="12" count="2" type="stmt"/>
          <line num="20" count="1" type="stmt"/>
          <line num="21" count="1" type="stmt"/>
          <line num="27" count="2" type="stmt"/>
          <line num="29" count="2" type="stmt"/>
          <line num="44" count="6" type="stmt"/>
          <line num="50" count="6" type="stmt"/>
          <line num="54" count="6" type="stmt"/>
          <line num="56" count="0" type="stmt"/>
        </file>
        <file name="Rolebindings.jsx" path="/Users/tanner/go/src/github.com/quintilesims/orca/rostrum/src/components/rolebindings/Rolebindings.jsx">
          <metrics statements="6" coveredstatements="6" conditionals="2" coveredconditionals="2" methods="2" coveredmethods="1"/>
          <line num="9" count="2" type="stmt"/>
          <line num="10" count="2" type="cond" truecount="2" falsecount="0"/>
          <line num="11" count="1" type="stmt"/>
          <line num="19" count="1" type="stmt"/>
          <line num="26" count="4" type="stmt"/>
          <line num="30" count="4" type="stmt"/>
        </file>
      </package>
      <package name="src.middleware.errors">
        <metrics statements="6" coveredstatements="6" conditionals="8" coveredconditionals="8" methods="3" coveredmethods="3"/>
        <file name="middleware.js" path="/Users/tanner/go/src/github.com/quintilesims/orca/rostrum/src/middleware/errors/middleware.js">
          <metrics statements="6" coveredstatements="6" conditionals="8" coveredconditionals="8" methods="3" coveredmethods="3"/>
          <line num="3" count="5" type="stmt"/>
          <line num="4" count="3" type="cond" truecount="2" falsecount="0"/>
          <line num="5" count="2" type="cond" truecount="2" falsecount="0"/>
          <line num="11" count="1" type="stmt"/>
          <line num="13" count="1" type="stmt"/>
          <line num="17" count="3" type="stmt"/>
        </file>
      </package>
      <package name="src.middleware.k8s">
        <metrics statements="123" coveredstatements="110" conditionals="33" coveredconditionals="29" methods="66" coveredmethods="57"/>
        <file name="client.js" path="/Users/tanner/go/src/github.com/quintilesims/orca/rostrum/src/middleware/k8s/client.js">
          <metrics statements="30" coveredstatements="30" conditionals="9" coveredconditionals="9" methods="15" coveredmethods="15"/>
          <line num="6" count="4" type="stmt"/>
          <line num="7" count="4" type="stmt"/>
          <line num="19" count="1" type="stmt"/>
          <line num="24" count="18" type="stmt"/>
          <line num="25" count="18" type="stmt"/>
          <line num="29" count="5" type="stmt"/>
          <line num="33" count="5" type="cond" truecount="5" falsecount="0"/>
          <line num="35" count="1" type="stmt"/>
          <line num="37" count="1" type="stmt"/>
          <line num="39" count="1" type="stmt"/>
          <line num="41" count="1" type="stmt"/>
          <line num="43" count="1" type="stmt"/>
          <line num="44" count="1" type="stmt"/>
          <line num="50" count="1" type="stmt"/>
          <line num="51" count="1" type="stmt"/>
          <line num="55" count="1" type="stmt"/>
          <line num="59" count="1" type="stmt"/>
          <line num="63" count="1" type="stmt"/>
          <line num="68" count="2" type="cond" truecount="2" falsecount="0"/>
          <line num="70" count="1" type="stmt"/>
          <line num="71" count="1" type="stmt"/>
          <line num="74" count="1" type="stmt"/>
          <line num="75" count="1" type="stmt"/>
          <line num="79" count="1" type="stmt"/>
          <line num="87" count="1" type="stmt"/>
          <line num="94" count="1" type="stmt"/>
          <line num="101" count="1" type="stmt"/>
          <line num="102" count="1" type="stmt"/>
          <line num="110" count="1" type="stmt"/>
          <line num="117" count="1" type="stmt"/>
        </file>
        <file name="k8sActions.js" path="/Users/tanner/go/src/github.com/quintilesims/orca/rostrum/src/middleware/k8s/k8sActions.js">
          <metrics statements="53" coveredstatements="44" conditionals="8" coveredconditionals="5" methods="43" coveredmethods="36"/>
          <line num="8" count="2" type="stmt"/>
          <line num="9" count="2" type="stmt"/>
          <line num="10" count="2" type="stmt"/>
          <line num="12" count="1" type="stmt"/>
          <line num="15" count="1" type="stmt"/>
          <line num="21" count="2" type="stmt"/>
          <line num="23" count="1" type="stmt"/>
          <line num="26" count="1" type="stmt"/>
          <line num="31" count="3" type="stmt"/>
          <line num="33" count="2" type="stmt"/>
          <line num="34" count="2" type="stmt"/>
          <line num="39" count="2" type="stmt"/>
          <line num="40" count="2" type="stmt"/>
          <line num="41" count="2" type="stmt"/>
          <line num="42" count="1" type="cond" truecount="1" falsecount="1"/>
          <line num="43" count="1" type="stmt"/>
          <line num="47" count="1" type="stmt"/>
          <line num="50" count="1" type="stmt"/>
          <line num="55" count="3" type="stmt"/>
          <line num="57" count="2" type="stmt"/>
          <line num="58" count="2" type="stmt"/>
          <line num="63" count="2" type="stmt"/>
          <line num="66" count="1" type="stmt"/>
          <line num="72" count="8" type="stmt"/>
          <line num="73" count="8" type="stmt"/>
          <line num="74" count="8" type="stmt"/>
          <line num="76" count="3" type="stmt"/>
          <line num="78" count="2" type="stmt"/>
          <line num="81" count="1" type="stmt"/>
          <line num="85" count="5" type="cond" truecount="2" falsecount="0"/>
          <line num="86" count="4" type="stmt"/>
          <line num="87" count="3" type="stmt"/>
          <line num="89" count="2" type="stmt"/>
          <line num="92" count="1" type="stmt"/>
          <line num="95" count="1" type="stmt"/>
          <line num="99" count="1" type="stmt"/>
          <line num="105" count="2" type="stmt"/>
          <line num="107" count="1" type="stmt"/>
          <line num="110" count="1" type="stmt"/>
          <line num="115" count="0" type="stmt"/>
          <line num="117" count="0" type="stmt"/>
          <line num="118" count="0" type="stmt"/>
          <line num="120" count="0" type="stmt"/>
          <line num="121" count="0" type="stmt"/>
          <line num="122" count="0" type="cond" truecount="0" falsecount="2"/>
          <line num="123" count="0" type="stmt"/>
          <line num="127" count="0" type="stmt"/>
          <line num="130" count="0" type="stmt"/>
          <line num="135" count="6" type="stmt"/>
          <line num="137" count="3" type="stmt"/>
          <line num="138" count="3" type="stmt"/>
          <line num="139" count="3" type="stmt"/>
          <line num="142" count="3" type="stmt"/>
        </file>
        <file name="middleware.js" path="/Users/tanner/go/src/github.com/quintilesims/orca/rostrum/src/middleware/k8s/middleware.js">
          <metrics statements="37" coveredstatements="33" conditionals="16" coveredconditionals="15" methods="5" coveredmethods="3"/>
          <line num="9" count="37" type="stmt"/>
          <line num="10" count="51" type="stmt"/>
          <line num="11" count="51" type="stmt"/>
          <line num="13" count="51" type="cond" truecount="1" falsecount="1"/>
          <line num="14" count="0" type="stmt"/>
          <line num="15" count="0" type="stmt"/>
          <line num="18" count="51" type="cond" truecount="14" falsecount="0"/>
          <line num="20" count="1" type="stmt"/>
          <line num="21" count="1" type="stmt"/>
          <line num="24" count="1" type="stmt"/>
          <line num="25" count="1" type="stmt"/>
          <line num="28" count="1" type="stmt"/>
          <line num="29" count="1" type="stmt"/>
          <line num="32" count="2" type="stmt"/>
          <line num="33" count="0" type="stmt"/>
          <line num="36" count="2" type="stmt"/>
          <line num="39" count="2" type="stmt"/>
          <line num="40" count="2" type="stmt"/>
          <line num="43" count="2" type="stmt"/>
          <line num="44" count="2" type="stmt"/>
          <line num="47" count="1" type="stmt"/>
          <line num="48" count="1" type="stmt"/>
          <line num="51" count="1" type="stmt"/>
          <line num="55" count="1" type="stmt"/>
          <line num="58" count="1" type="stmt"/>
          <line num="59" count="1" type="stmt"/>
          <line num="62" count="1" type="stmt"/>
          <line num="66" count="1" type="stmt"/>
          <line num="69" count="2" type="stmt"/>
          <line num="70" count="0" type="stmt"/>
          <line num="75" count="2" type="stmt"/>
          <line num="78" count="1" type="stmt"/>
          <line num="79" count="1" type="stmt"/>
          <line num="82" count="5" type="stmt"/>
          <line num="83" count="5" type="stmt"/>
          <line num="86" count="30" type="stmt"/>
          <line num="89" count="51" type="stmt"/>
        </file>
        <file name="templates.js" path="/Users/tanner/go/src/github.com/quintilesims/orca/rostrum/src/middleware/k8s/templates.js">
          <metrics statements="3" coveredstatements="3" conditionals="0" coveredconditionals="0" methods="3" coveredmethods="3"/>
          <line num="2" count="2" type="stmt"/>
          <line num="19" count="2" type="stmt"/>
          <line num="37" count="2" type="stmt"/>
        </file>
      </package>
      <package name="src.reducers">
        <metrics statements="21" coveredstatements="21" conditionals="15" coveredconditionals="15" methods="3" coveredmethods="3"/>
        <file name="config.js" path="/Users/tanner/go/src/github.com/quintilesims/orca/rostrum/src/reducers/config.js">
          <metrics statements="3" coveredstatements="3" conditionals="2" coveredconditionals="2" methods="1" coveredmethods="1"/>
          <line num="1" count="3" type="stmt"/>
          <line num="4" count="8" type="cond" truecount="1" falsecount="0"/>
          <line num="6" count="8" type="stmt"/>
        </file>
        <file name="namespaces.js" path="/Users/tanner/go/src/github.com/quintilesims/orca/rostrum/src/reducers/namespaces.js">
          <metrics statements="6" coveredstatements="6" conditionals="5" coveredconditionals="5" methods="1" coveredmethods="1"/>
          <line num="7" count="3" type="stmt"/>
          <line num="14" count="11" type="cond" truecount="4" falsecount="0"/>
          <line num="16" count="1" type="stmt"/>
          <line num="22" count="1" type="stmt"/>
          <line num="28" count="1" type="stmt"/>
          <line num="34" count="8" type="stmt"/>
        </file>
        <file name="rolebindings.js" path="/Users/tanner/go/src/github.com/quintilesims/orca/rostrum/src/reducers/rolebindings.js">
          <metrics statements="11" coveredstatements="11" conditionals="8" coveredconditionals="8" methods="1" coveredmethods="1"/>
          <line num="6" count="3" type="stmt"/>
          <line num="7" count="3" type="stmt"/>
          <line num="8" count="3" type="stmt"/>
          <line num="16" count="12" type="cond" truecount="3" falsecount="0"/>
          <line num="18" count="3" type="cond" truecount="2" falsecount="0"/>
          <line num="19" count="1" type="stmt"/>
          <line num="25" count="2" type="cond" truecount="2" falsecount="0"/>
          <line num="26" count="1" type="stmt"/>
          <line num="32" count="1" type="stmt"/>
          <line num="35" count="1" type="stmt"/>
          <line num="41" count="8" type="stmt"/>
        </file>
        <file name="rootReducer.js" path="/Users/tanner/go/src/github.com/quintilesims/orca/rostrum/src/reducers/rootReducer.js">
          <metrics statements="1" coveredstatements="1" conditionals="0" coveredconditionals="0" methods="0" coveredmethods="0"/>
          <line num="35" count="2" type="stmt"/>
        </file>
      </package>
      <package name="src.store">
        <metrics statements="1" coveredstatements="1" conditionals="0" coveredconditionals="0" methods="1" coveredmethods="1"/>
        <file name="configureStore.js" path="/Users/tanner/go/src/github.com/quintilesims/orca/rostrum/src/store/configureStore.js">
          <metrics statements="1" coveredstatements="1" conditionals="0" coveredconditionals="0" methods="1" coveredmethods="1"/>
          <line num="11" count="2" type="stmt"/>
        </file>
      </package>
      <package name="src.utils">
        <metrics statements="4" coveredstatements="2" conditionals="0" coveredconditionals="0" methods="3" coveredmethods="1"/>
        <file name="watch.js" path="/Users/tanner/go/src/github.com/quintilesims/orca/rostrum/src/utils/watch.js">
          <metrics statements="4" coveredstatements="2" conditionals="0" coveredconditionals="0" methods="3" coveredmethods="1"/>
          <line num="1" count="3" type="stmt"/>
          <line num="4" count="2" type="stmt"/>
          <line num="5" count="0" type="stmt"/>
          <line num="6" count="0" type="stmt"/>
        </file>
      </package>
    </metrics>
  </project>
</coverage>
