{"/Users/tanner/go/src/github.com/quintilesims/orca/rostrum/src/index.js": {"path":"/Users/tanner/go/src/github.com/quintilesims/orca/rostrum/src/index.js","statementMap":{"0":{"start":{"line":1,"column":32},"end":{"line":1,"column":104}},"1":{"start":{"line":2,"column":13},"end":{"line":2,"column":29}},"2":{"start":{"line":2,"column":44},"end":{"line":2,"column":74}},"3":{"start":{"line":3,"column":16},"end":{"line":3,"column":36}},"4":{"start":{"line":3,"column":54},"end":{"line":3,"column":87}},"5":{"start":{"line":4,"column":29},"end":{"line":4,"column":63}},"6":{"start":{"line":4,"column":94},"end":{"line":4,"column":140}},"7":{"start":{"line":6,"column":0},"end":{"line":6,"column":23}},"8":{"start":{"line":7,"column":0},"end":{"line":7,"column":55}},"9":{"start":{"line":9,"column":12},"end":{"line":9,"column":40}},"10":{"start":{"line":9,"column":54},"end":{"line":9,"column":83}},"11":{"start":{"line":9,"column":122},"end":{"line":9,"column":176}},"12":{"start":{"line":11,"column":0},"end":{"line":13,"column":33}},"13":{"start":{"line":16,"column":0},"end":{"line":16,"column":39}}},"fnMap":{"0":{"name":"_interopRequireDefault","decl":{"start":{"line":9,"column":93},"end":{"line":9,"column":115}},"loc":{"start":{"line":9,"column":121},"end":{"line":9,"column":177}},"line":9}},"branchMap":{"0":{"loc":{"start":{"line":9,"column":129},"end":{"line":9,"column":175}},"type":"cond-expr","locations":[{"start":{"line":9,"column":153},"end":{"line":9,"column":156}},{"start":{"line":9,"column":159},"end":{"line":9,"column":175}}],"line":9},"1":{"loc":{"start":{"line":9,"column":129},"end":{"line":9,"column":150}},"type":"binary-expr","locations":[{"start":{"line":9,"column":129},"end":{"line":9,"column":132}},{"start":{"line":9,"column":136},"end":{"line":9,"column":150}}],"line":9}},"s":{"0":0,"1":0,"2":0,"3":0,"4":0,"5":0,"6":0,"7":0,"8":0,"9":0,"10":0,"11":0,"12":0,"13":0},"f":{"0":0},"b":{"0":[0,0],"1":[0,0]}}
,"/Users/tanner/go/src/github.com/quintilesims/orca/rostrum/src/registerServiceWorker.js": {"path":"/Users/tanner/go/src/github.com/quintilesims/orca/rostrum/src/registerServiceWorker.js","statementMap":{"0":{"start":{"line":1,"column":13},"end":{"line":1,"column":75}},"1":{"start":{"line":1,"column":75},"end":{"line":21,"column":9}},"2":{"start":{"line":21,"column":9},"end":{"line":111,"column":24}},"3":{"start":{"line":118,"column":20},"end":{"line":120,"column":92}},"4":{"start":{"line":120,"column":114},"end":{"line":128,"column":36}},"5":{"start":{"line":121,"column":22},"end":{"line":121,"column":70}},"6":{"start":{"line":121,"column":71},"end":{"line":124,"column":14}},"7":{"start":{"line":124,"column":6},"end":{"line":124,"column":13}},"8":{"start":{"line":124,"column":14},"end":{"line":128,"column":35}},"9":{"start":{"line":124,"column":67},"end":{"line":124,"column":112}},"10":{"start":{"line":124,"column":113},"end":{"line":128,"column":32}},"11":{"start":{"line":125,"column":8},"end":{"line":125,"column":39}},"12":{"start":{"line":127,"column":8},"end":{"line":127,"column":178}},"13":{"start":{"line":127,"column":50},"end":{"line":127,"column":175}},"14":{"start":{"line":128,"column":8},"end":{"line":128,"column":31}},"15":{"start":{"line":128,"column":70},"end":{"line":135,"column":156}},"16":{"start":{"line":128,"column":132},"end":{"line":135,"column":68}},"17":{"start":{"line":128,"column":193},"end":{"line":128,"column":216}},"18":{"start":{"line":128,"column":217},"end":{"line":135,"column":66}},"19":{"start":{"line":128,"column":257},"end":{"line":135,"column":64}},"20":{"start":{"line":128,"column":302},"end":{"line":135,"column":63}},"21":{"start":{"line":132,"column":12},"end":{"line":132,"column":69}},"22":{"start":{"line":135,"column":12},"end":{"line":135,"column":62}},"23":{"start":{"line":135,"column":87},"end":{"line":135,"column":153}},"24":{"start":{"line":136,"column":2},"end":{"line":139,"column":126}},"25":{"start":{"line":137,"column":4},"end":{"line":139,"column":30}},"26":{"start":{"line":138,"column":6},"end":{"line":138,"column":127}},"27":{"start":{"line":138,"column":58},"end":{"line":138,"column":124}},"28":{"start":{"line":138,"column":96},"end":{"line":138,"column":121}},"29":{"start":{"line":139,"column":6},"end":{"line":139,"column":29}},"30":{"start":{"line":139,"column":46},"end":{"line":139,"column":123}},"31":{"start":{"line":139,"column":150},"end":{"line":139,"column":267}},"32":{"start":{"line":139,"column":185},"end":{"line":139,"column":266}},"33":{"start":{"line":139,"column":237},"end":{"line":139,"column":263}}},"fnMap":{"0":{"name":"register","decl":{"start":{"line":120,"column":102},"end":{"line":120,"column":110}},"loc":{"start":{"line":120,"column":113},"end":{"line":128,"column":37}},"line":120},"1":{"name":"(anonymous_1)","decl":{"start":{"line":124,"column":46},"end":{"line":124,"column":47}},"loc":{"start":{"line":124,"column":52},"end":{"line":128,"column":33}},"line":124},"2":{"name":"(anonymous_2)","decl":{"start":{"line":127,"column":43},"end":{"line":127,"column":44}},"loc":{"start":{"line":127,"column":49},"end":{"line":127,"column":176}},"line":127},"3":{"name":"registerValidSW","decl":{"start":{"line":128,"column":46},"end":{"line":128,"column":61}},"loc":{"start":{"line":128,"column":69},"end":{"line":135,"column":157}},"line":128},"4":{"name":"(anonymous_4)","decl":{"start":{"line":128,"column":115},"end":{"line":128,"column":116}},"loc":{"start":{"line":128,"column":131},"end":{"line":135,"column":69}},"line":128},"5":{"name":"(anonymous_5)","decl":{"start":{"line":128,"column":161},"end":{"line":128,"column":162}},"loc":{"start":{"line":128,"column":167},"end":{"line":135,"column":67}},"line":128},"6":{"name":"(anonymous_6)","decl":{"start":{"line":128,"column":250},"end":{"line":128,"column":251}},"loc":{"start":{"line":128,"column":256},"end":{"line":135,"column":65}},"line":128},"7":{"name":"(anonymous_7)","decl":{"start":{"line":135,"column":77},"end":{"line":135,"column":78}},"loc":{"start":{"line":135,"column":86},"end":{"line":135,"column":154}},"line":135},"8":{"name":"checkValidServiceWorker","decl":{"start":{"line":135,"column":166},"end":{"line":135,"column":189}},"loc":{"start":{"line":135,"column":197},"end":{"line":139,"column":127}},"line":135},"9":{"name":"(anonymous_9)","decl":{"start":{"line":136,"column":20},"end":{"line":136,"column":21}},"loc":{"start":{"line":136,"column":32},"end":{"line":139,"column":31}},"line":136},"10":{"name":"(anonymous_10)","decl":{"start":{"line":138,"column":41},"end":{"line":138,"column":42}},"loc":{"start":{"line":138,"column":57},"end":{"line":138,"column":125}},"line":138},"11":{"name":"(anonymous_11)","decl":{"start":{"line":138,"column":89},"end":{"line":138,"column":90}},"loc":{"start":{"line":138,"column":95},"end":{"line":138,"column":122}},"line":138},"12":{"name":"(anonymous_12)","decl":{"start":{"line":139,"column":39},"end":{"line":139,"column":40}},"loc":{"start":{"line":139,"column":45},"end":{"line":139,"column":124}},"line":139},"13":{"name":"unregister","decl":{"start":{"line":139,"column":136},"end":{"line":139,"column":146}},"loc":{"start":{"line":139,"column":149},"end":{"line":139,"column":268}},"line":139},"14":{"name":"(anonymous_14)","decl":{"start":{"line":139,"column":220},"end":{"line":139,"column":221}},"loc":{"start":{"line":139,"column":236},"end":{"line":139,"column":264}},"line":139}},"branchMap":{"0":{"loc":{"start":{"line":118,"column":28},"end":{"line":120,"column":91}},"type":"binary-expr","locations":[{"start":{"line":118,"column":28},"end":{"line":118,"column":68}},{"start":{"line":119,"column":3},"end":{"line":119,"column":39}},{"start":{"line":120,"column":3},"end":{"line":120,"column":91}}],"line":118},"1":{"loc":{"start":{"line":120,"column":114},"end":{"line":128,"column":36}},"type":"if","locations":[{"start":{"line":120,"column":114},"end":{"line":128,"column":36}},{"start":{"line":120,"column":114},"end":{"line":128,"column":36}}],"line":120},"2":{"loc":{"start":{"line":120,"column":118},"end":{"line":120,"column":187}},"type":"binary-expr","locations":[{"start":{"line":120,"column":118},"end":{"line":120,"column":155}},{"start":{"line":120,"column":159},"end":{"line":120,"column":187}}],"line":120},"3":{"loc":{"start":{"line":121,"column":71},"end":{"line":124,"column":14}},"type":"if","locations":[{"start":{"line":121,"column":71},"end":{"line":124,"column":14}},{"start":{"line":121,"column":71},"end":{"line":124,"column":14}}],"line":121},"4":{"loc":{"start":{"line":124,"column":113},"end":{"line":128,"column":32}},"type":"if","locations":[{"start":{"line":124,"column":113},"end":{"line":128,"column":32}},{"start":{"line":124,"column":113},"end":{"line":128,"column":32}}],"line":124},"5":{"loc":{"start":{"line":128,"column":257},"end":{"line":135,"column":64}},"type":"if","locations":[{"start":{"line":128,"column":257},"end":{"line":135,"column":64}},{"start":{"line":128,"column":257},"end":{"line":135,"column":64}}],"line":128},"6":{"loc":{"start":{"line":128,"column":302},"end":{"line":135,"column":63}},"type":"if","locations":[{"start":{"line":128,"column":302},"end":{"line":135,"column":63}},{"start":{"line":128,"column":302},"end":{"line":135,"column":63}}],"line":128},"7":{"loc":{"start":{"line":137,"column":4},"end":{"line":139,"column":30}},"type":"if","locations":[{"start":{"line":137,"column":4},"end":{"line":139,"column":30}},{"start":{"line":137,"column":4},"end":{"line":139,"column":30}}],"line":137},"8":{"loc":{"start":{"line":137,"column":8},"end":{"line":137,"column":100}},"type":"binary-expr","locations":[{"start":{"line":137,"column":8},"end":{"line":137,"column":31}},{"start":{"line":137,"column":35},"end":{"line":137,"column":100}}],"line":137},"9":{"loc":{"start":{"line":139,"column":150},"end":{"line":139,"column":267}},"type":"if","locations":[{"start":{"line":139,"column":150},"end":{"line":139,"column":267}},{"start":{"line":139,"column":150},"end":{"line":139,"column":267}}],"line":139}},"s":{"0":0,"1":0,"2":0,"3":0,"4":0,"5":0,"6":0,"7":0,"8":0,"9":0,"10":0,"11":0,"12":0,"13":0,"14":0,"15":0,"16":0,"17":0,"18":0,"19":0,"20":0,"21":0,"22":0,"23":0,"24":0,"25":0,"26":0,"27":0,"28":0,"29":0,"30":0,"31":0,"32":0,"33":0},"f":{"0":0,"1":0,"2":0,"3":0,"4":0,"5":0,"6":0,"7":0,"8":0,"9":0,"10":0,"11":0,"12":0,"13":0,"14":0},"b":{"0":[0,0,0],"1":[0,0],"2":[0,0],"3":[0,0],"4":[0,0],"5":[0,0],"6":[0,0],"7":[0,0],"8":[0,0],"9":[0,0]}}
,"/Users/tanner/go/src/github.com/quintilesims/orca/rostrum/src/actions/actionTypes.js": {"path":"/Users/tanner/go/src/github.com/quintilesims/orca/rostrum/src/actions/actionTypes.js","statementMap":{"0":{"start":{"line":1,"column":32},"end":{"line":1,"column":50}},"1":{"start":{"line":2,"column":45},"end":{"line":2,"column":76}},"2":{"start":{"line":3,"column":38},"end":{"line":3,"column":62}},"3":{"start":{"line":4,"column":32},"end":{"line":4,"column":50}},"4":{"start":{"line":5,"column":44},"end":{"line":5,"column":74}},"5":{"start":{"line":6,"column":38},"end":{"line":6,"column":62}},"6":{"start":{"line":7,"column":44},"end":{"line":7,"column":74}},"7":{"start":{"line":8,"column":43},"end":{"line":8,"column":72}},"8":{"start":{"line":9,"column":30},"end":{"line":9,"column":46}},"9":{"start":{"line":10,"column":36},"end":{"line":10,"column":58}},"10":{"start":{"line":11,"column":38},"end":{"line":11,"column":62}},"11":{"start":{"line":12,"column":32},"end":{"line":12,"column":50}},"12":{"start":{"line":13,"column":44},"end":{"line":13,"column":74}},"13":{"start":{"line":14,"column":27},"end":{"line":14,"column":40}},"14":{"start":{"line":15,"column":33},"end":{"line":15,"column":52}},"15":{"start":{"line":16,"column":24},"end":{"line":16,"column":34}},"16":{"start":{"line":17,"column":30},"end":{"line":17,"column":46}},"17":{"start":{"line":18,"column":34},"end":{"line":18,"column":54}},"18":{"start":{"line":19,"column":47},"end":{"line":19,"column":80}},"19":{"start":{"line":20,"column":40},"end":{"line":20,"column":66}},"20":{"start":{"line":21,"column":34},"end":{"line":21,"column":54}},"21":{"start":{"line":22,"column":46},"end":{"line":22,"column":78}},"22":{"start":{"line":23,"column":40},"end":{"line":23,"column":66}},"23":{"start":{"line":24,"column":46},"end":{"line":24,"column":78}},"24":{"start":{"line":25,"column":45},"end":{"line":25,"column":76}},"25":{"start":{"line":26,"column":32},"end":{"line":26,"column":50}},"26":{"start":{"line":27,"column":38},"end":{"line":27,"column":62}},"27":{"start":{"line":28,"column":40},"end":{"line":28,"column":66}}},"fnMap":{},"branchMap":{},"s":{"0":21,"1":21,"2":21,"3":21,"4":21,"5":21,"6":21,"7":21,"8":21,"9":21,"10":21,"11":21,"12":21,"13":21,"14":21,"15":21,"16":21,"17":21,"18":21,"19":21,"20":21,"21":21,"22":21,"23":21,"24":21,"25":21,"26":21,"27":21},"f":{},"b":{},"_coverageSchema":"332fd63041d2c1bcb487cc26dd0d5f7d97098a6c","hash":"a99b99ed9245ea5714955840acea26673dc5a4a2"}
,"/Users/tanner/go/src/github.com/quintilesims/orca/rostrum/src/actions/namespaces.js": {"path":"/Users/tanner/go/src/github.com/quintilesims/orca/rostrum/src/actions/namespaces.js","statementMap":{"0":{"start":{"line":4,"column":2},"end":{"line":7,"column":4}},"1":{"start":{"line":11,"column":2},"end":{"line":14,"column":4}},"2":{"start":{"line":18,"column":2},"end":{"line":21,"column":4}},"3":{"start":{"line":25,"column":2},"end":{"line":28,"column":4}},"4":{"start":{"line":32,"column":2},"end":{"line":36,"column":4}},"5":{"start":{"line":40,"column":2},"end":{"line":43,"column":4}},"6":{"start":{"line":47,"column":2},"end":{"line":51,"column":4}},"7":{"start":{"line":55,"column":2},"end":{"line":58,"column":4}},"8":{"start":{"line":62,"column":2},"end":{"line":64,"column":4}},"9":{"start":{"line":68,"column":2},"end":{"line":71,"column":4}},"10":{"start":{"line":75,"column":2},"end":{"line":78,"column":4}},"11":{"start":{"line":82,"column":2},"end":{"line":85,"column":4}}},"fnMap":{"0":{"name":"namespaceCreate","decl":{"start":{"line":3,"column":16},"end":{"line":3,"column":31}},"loc":{"start":{"line":3,"column":43},"end":{"line":8,"column":1}},"line":3},"1":{"name":"namespaceCreateError","decl":{"start":{"line":10,"column":16},"end":{"line":10,"column":36}},"loc":{"start":{"line":10,"column":44},"end":{"line":15,"column":1}},"line":10},"2":{"name":"namespaceCreateChangeInput","decl":{"start":{"line":17,"column":16},"end":{"line":17,"column":42}},"loc":{"start":{"line":17,"column":65},"end":{"line":22,"column":1}},"line":17},"3":{"name":"namespaceDelete","decl":{"start":{"line":24,"column":16},"end":{"line":24,"column":31}},"loc":{"start":{"line":24,"column":43},"end":{"line":29,"column":1}},"line":24},"4":{"name":"namespaceDeleteCheckWatch","decl":{"start":{"line":31,"column":16},"end":{"line":31,"column":41}},"loc":{"start":{"line":31,"column":59},"end":{"line":37,"column":1}},"line":31},"5":{"name":"namespaceDeleteError","decl":{"start":{"line":39,"column":16},"end":{"line":39,"column":36}},"loc":{"start":{"line":39,"column":44},"end":{"line":44,"column":1}},"line":39},"6":{"name":"namespaceDeleteStartWatch","decl":{"start":{"line":46,"column":16},"end":{"line":46,"column":41}},"loc":{"start":{"line":46,"column":63},"end":{"line":52,"column":1}},"line":46},"7":{"name":"namespaceDeleteStopWatch","decl":{"start":{"line":54,"column":16},"end":{"line":54,"column":40}},"loc":{"start":{"line":54,"column":47},"end":{"line":59,"column":1}},"line":54},"8":{"name":"namespaceList","decl":{"start":{"line":61,"column":16},"end":{"line":61,"column":29}},"loc":{"start":{"line":61,"column":32},"end":{"line":65,"column":1}},"line":61},"9":{"name":"namespaceListError","decl":{"start":{"line":67,"column":16},"end":{"line":67,"column":34}},"loc":{"start":{"line":67,"column":42},"end":{"line":72,"column":1}},"line":67},"10":{"name":"namespaceListSuccess","decl":{"start":{"line":74,"column":16},"end":{"line":74,"column":36}},"loc":{"start":{"line":74,"column":55},"end":{"line":79,"column":1}},"line":74},"11":{"name":"namespaceSelect","decl":{"start":{"line":81,"column":16},"end":{"line":81,"column":31}},"loc":{"start":{"line":81,"column":43},"end":{"line":86,"column":1}},"line":81}},"branchMap":{},"s":{"0":1,"1":2,"2":3,"3":1,"4":1,"5":2,"6":2,"7":2,"8":2,"9":3,"10":5,"11":1},"f":{"0":1,"1":2,"2":3,"3":1,"4":1,"5":2,"6":2,"7":2,"8":2,"9":3,"10":5,"11":1},"b":{},"_coverageSchema":"332fd63041d2c1bcb487cc26dd0d5f7d97098a6c","hash":"a380593c5b96d78d9dd06dff4aa0b221c6e70748"}
,"/Users/tanner/go/src/github.com/quintilesims/orca/rostrum/src/actions/rolebindings.js": {"path":"/Users/tanner/go/src/github.com/quintilesims/orca/rostrum/src/actions/rolebindings.js","statementMap":{"0":{"start":{"line":5,"column":2},"end":{"line":10,"column":4}},"1":{"start":{"line":14,"column":2},"end":{"line":17,"column":4}},"2":{"start":{"line":21,"column":2},"end":{"line":25,"column":4}},"3":{"start":{"line":29,"column":2},"end":{"line":33,"column":4}},"4":{"start":{"line":37,"column":2},"end":{"line":42,"column":4}},"5":{"start":{"line":46,"column":2},"end":{"line":49,"column":4}},"6":{"start":{"line":53,"column":2},"end":{"line":58,"column":4}},"7":{"start":{"line":62,"column":2},"end":{"line":65,"column":4}},"8":{"start":{"line":69,"column":2},"end":{"line":72,"column":4}},"9":{"start":{"line":76,"column":2},"end":{"line":79,"column":4}},"10":{"start":{"line":83,"column":2},"end":{"line":87,"column":4}}},"fnMap":{"0":{"name":"rolebindingCreate","decl":{"start":{"line":4,"column":16},"end":{"line":4,"column":33}},"loc":{"start":{"line":4,"column":60},"end":{"line":11,"column":1}},"line":4},"1":{"name":"rolebindingCreateError","decl":{"start":{"line":13,"column":16},"end":{"line":13,"column":38}},"loc":{"start":{"line":13,"column":46},"end":{"line":18,"column":1}},"line":13},"2":{"name":"rolebindingCreateChangeInput","decl":{"start":{"line":20,"column":16},"end":{"line":20,"column":44}},"loc":{"start":{"line":20,"column":68},"end":{"line":26,"column":1}},"line":20},"3":{"name":"rolebindingDelete","decl":{"start":{"line":28,"column":16},"end":{"line":28,"column":33}},"loc":{"start":{"line":28,"column":58},"end":{"line":34,"column":1}},"line":28},"4":{"name":"rolebindingDeleteCheckWatch","decl":{"start":{"line":36,"column":16},"end":{"line":36,"column":43}},"loc":{"start":{"line":36,"column":74},"end":{"line":43,"column":1}},"line":36},"5":{"name":"rolebindingDeleteError","decl":{"start":{"line":45,"column":16},"end":{"line":45,"column":38}},"loc":{"start":{"line":45,"column":46},"end":{"line":50,"column":1}},"line":45},"6":{"name":"rolebindingDeleteStartWatch","decl":{"start":{"line":52,"column":16},"end":{"line":52,"column":43}},"loc":{"start":{"line":52,"column":78},"end":{"line":59,"column":1}},"line":52},"7":{"name":"rolebindingDeleteStopWatch","decl":{"start":{"line":61,"column":16},"end":{"line":61,"column":42}},"loc":{"start":{"line":61,"column":49},"end":{"line":66,"column":1}},"line":61},"8":{"name":"rolebindingList","decl":{"start":{"line":68,"column":16},"end":{"line":68,"column":31}},"loc":{"start":{"line":68,"column":43},"end":{"line":73,"column":1}},"line":68},"9":{"name":"rolebindingListError","decl":{"start":{"line":75,"column":16},"end":{"line":75,"column":36}},"loc":{"start":{"line":75,"column":44},"end":{"line":80,"column":1}},"line":75},"10":{"name":"rolebindingListSuccess","decl":{"start":{"line":82,"column":16},"end":{"line":82,"column":38}},"loc":{"start":{"line":82,"column":64},"end":{"line":88,"column":1}},"line":82}},"branchMap":{},"s":{"0":1,"1":3,"2":8,"3":1,"4":1,"5":2,"6":2,"7":1,"8":5,"9":4,"10":4},"f":{"0":1,"1":3,"2":8,"3":1,"4":1,"5":2,"6":2,"7":1,"8":5,"9":4,"10":4},"b":{},"_coverageSchema":"332fd63041d2c1bcb487cc26dd0d5f7d97098a6c","hash":"247c11b706f627d9cedfbe2dfae2040b5078dfc3"}
,"/Users/tanner/go/src/github.com/quintilesims/orca/rostrum/src/actions/roles.js": {"path":"/Users/tanner/go/src/github.com/quintilesims/orca/rostrum/src/actions/roles.js","statementMap":{"0":{"start":{"line":4,"column":2},"end":{"line":8,"column":4}},"1":{"start":{"line":12,"column":2},"end":{"line":15,"column":4}},"2":{"start":{"line":19,"column":2},"end":{"line":22,"column":4}},"3":{"start":{"line":26,"column":2},"end":{"line":29,"column":4}}},"fnMap":{"0":{"name":"roleCreate","decl":{"start":{"line":3,"column":16},"end":{"line":3,"column":26}},"loc":{"start":{"line":3,"column":44},"end":{"line":9,"column":1}},"line":3},"1":{"name":"roleCreateError","decl":{"start":{"line":11,"column":16},"end":{"line":11,"column":31}},"loc":{"start":{"line":11,"column":39},"end":{"line":16,"column":1}},"line":11},"2":{"name":"roleGet","decl":{"start":{"line":18,"column":16},"end":{"line":18,"column":23}},"loc":{"start":{"line":18,"column":30},"end":{"line":23,"column":1}},"line":18},"3":{"name":"roleGetError","decl":{"start":{"line":25,"column":16},"end":{"line":25,"column":28}},"loc":{"start":{"line":25,"column":36},"end":{"line":30,"column":1}},"line":25}},"branchMap":{},"s":{"0":1,"1":2,"2":1,"3":2},"f":{"0":1,"1":2,"2":1,"3":2},"b":{},"_coverageSchema":"332fd63041d2c1bcb487cc26dd0d5f7d97098a6c","hash":"490402f228d1bd7197529ac2d249fb6a5788f77c"}
,"/Users/tanner/go/src/github.com/quintilesims/orca/rostrum/src/authenticator/authenticator.js": {"path":"/Users/tanner/go/src/github.com/quintilesims/orca/rostrum/src/authenticator/authenticator.js","statementMap":{"0":{"start":{"line":7,"column":4},"end":{"line":13,"column":7}},"1":{"start":{"line":15,"column":4},"end":{"line":15,"column":26}},"2":{"start":{"line":17,"column":4},"end":{"line":17,"column":39}},"3":{"start":{"line":18,"column":4},"end":{"line":18,"column":41}},"4":{"start":{"line":21,"column":4},"end":{"line":28,"column":6}},"5":{"start":{"line":24,"column":24},"end":{"line":24,"column":70}},"6":{"start":{"line":25,"column":30},"end":{"line":25,"column":62}},"7":{"start":{"line":27,"column":6},"end":{"line":27,"column":29}},"8":{"start":{"line":32,"column":4},"end":{"line":32,"column":27}},"9":{"start":{"line":36,"column":24},"end":{"line":36,"column":60}},"10":{"start":{"line":37,"column":4},"end":{"line":39,"column":5}},"11":{"start":{"line":38,"column":6},"end":{"line":38,"column":13}},"12":{"start":{"line":41,"column":4},"end":{"line":41,"column":48}},"13":{"start":{"line":46,"column":21},"end":{"line":57,"column":5}},"14":{"start":{"line":47,"column":6},"end":{"line":56,"column":7}},"15":{"start":{"line":48,"column":8},"end":{"line":48,"column":36}},"16":{"start":{"line":50,"column":8},"end":{"line":50,"column":29}},"17":{"start":{"line":51,"column":13},"end":{"line":56,"column":7}},"18":{"start":{"line":53,"column":8},"end":{"line":53,"column":29}},"19":{"start":{"line":59,"column":4},"end":{"line":59,"column":39}},"20":{"start":{"line":65,"column":22},"end":{"line":65,"column":90}},"21":{"start":{"line":66,"column":4},"end":{"line":66,"column":65}},"22":{"start":{"line":67,"column":4},"end":{"line":67,"column":50}},"23":{"start":{"line":69,"column":4},"end":{"line":69,"column":46}},"24":{"start":{"line":75,"column":4},"end":{"line":75,"column":44}},"25":{"start":{"line":76,"column":4},"end":{"line":76,"column":42}},"26":{"start":{"line":77,"column":4},"end":{"line":77,"column":36}},"27":{"start":{"line":79,"column":4},"end":{"line":79,"column":26}},"28":{"start":{"line":82,"column":4},"end":{"line":82,"column":25}}},"fnMap":{"0":{"name":"(anonymous_0)","decl":{"start":{"line":6,"column":2},"end":{"line":6,"column":3}},"loc":{"start":{"line":6,"column":32},"end":{"line":29,"column":3}},"line":6},"1":{"name":"(anonymous_1)","decl":{"start":{"line":21,"column":27},"end":{"line":21,"column":28}},"loc":{"start":{"line":21,"column":33},"end":{"line":28,"column":5}},"line":21},"2":{"name":"(anonymous_2)","decl":{"start":{"line":31,"column":2},"end":{"line":31,"column":3}},"loc":{"start":{"line":31,"column":10},"end":{"line":33,"column":3}},"line":31},"3":{"name":"(anonymous_3)","decl":{"start":{"line":35,"column":2},"end":{"line":35,"column":3}},"loc":{"start":{"line":35,"column":17},"end":{"line":42,"column":3}},"line":35},"4":{"name":"(anonymous_4)","decl":{"start":{"line":45,"column":2},"end":{"line":45,"column":3}},"loc":{"start":{"line":45,"column":25},"end":{"line":60,"column":3}},"line":45},"5":{"name":"(anonymous_5)","decl":{"start":{"line":46,"column":21},"end":{"line":46,"column":22}},"loc":{"start":{"line":46,"column":42},"end":{"line":57,"column":5}},"line":46},"6":{"name":"(anonymous_6)","decl":{"start":{"line":63,"column":2},"end":{"line":63,"column":3}},"loc":{"start":{"line":63,"column":25},"end":{"line":70,"column":3}},"line":63},"7":{"name":"(anonymous_7)","decl":{"start":{"line":73,"column":2},"end":{"line":73,"column":3}},"loc":{"start":{"line":73,"column":11},"end":{"line":83,"column":3}},"line":73}},"branchMap":{"0":{"loc":{"start":{"line":37,"column":4},"end":{"line":39,"column":5}},"type":"if","locations":[{"start":{"line":37,"column":4},"end":{"line":39,"column":5}},{"start":{"line":37,"column":4},"end":{"line":39,"column":5}}],"line":37},"1":{"loc":{"start":{"line":47,"column":6},"end":{"line":56,"column":7}},"type":"if","locations":[{"start":{"line":47,"column":6},"end":{"line":56,"column":7}},{"start":{"line":47,"column":6},"end":{"line":56,"column":7}}],"line":47},"2":{"loc":{"start":{"line":47,"column":10},"end":{"line":47,"column":46}},"type":"binary-expr","locations":[{"start":{"line":47,"column":10},"end":{"line":47,"column":20}},{"start":{"line":47,"column":24},"end":{"line":47,"column":46}}],"line":47},"3":{"loc":{"start":{"line":51,"column":13},"end":{"line":56,"column":7}},"type":"if","locations":[{"start":{"line":51,"column":13},"end":{"line":56,"column":7}},{"start":{"line":51,"column":13},"end":{"line":56,"column":7}}],"line":51}},"s":{"0":15,"1":15,"2":15,"3":15,"4":15,"5":2,"6":2,"7":2,"8":1,"9":2,"10":2,"11":1,"12":1,"13":2,"14":2,"15":1,"16":1,"17":1,"18":1,"19":2,"20":1,"21":1,"22":1,"23":1,"24":1,"25":1,"26":1,"27":1,"28":1},"f":{"0":15,"1":2,"2":1,"3":2,"4":2,"5":2,"6":1,"7":1},"b":{"0":[1,1],"1":[1,1],"2":[2,1],"3":[1,0]},"_coverageSchema":"332fd63041d2c1bcb487cc26dd0d5f7d97098a6c","hash":"8e824c00485779c49182a418f1302bbbb2a88682"}
,"/Users/tanner/go/src/github.com/quintilesims/orca/rostrum/src/authenticator/history.js": {"path":"/Users/tanner/go/src/github.com/quintilesims/orca/rostrum/src/authenticator/history.js","statementMap":{},"fnMap":{},"branchMap":{"0":{"loc":{"start":{"line":4,"column":12},"end":{"line":4,"column":75}},"type":"cond-expr","locations":[{"start":{"line":4,"column":63},"end":{"line":4,"column":65}},{"start":{"line":4,"column":68},"end":{"line":4,"column":75}}],"line":4},"1":{"loc":{"start":{"line":4,"column":12},"end":{"line":4,"column":60}},"type":"binary-expr","locations":[{"start":{"line":4,"column":12},"end":{"line":4,"column":50}},{"start":{"line":4,"column":54},"end":{"line":4,"column":60}}],"line":4}},"s":{},"f":{},"b":{"0":[3,0],"1":[3,3]},"_coverageSchema":"332fd63041d2c1bcb487cc26dd0d5f7d97098a6c","hash":"9b79f35f9dd56b659f8c9808778a90e43c40e677"}
,"/Users/tanner/go/src/github.com/quintilesims/orca/rostrum/src/components/App.jsx": {"path":"/Users/tanner/go/src/github.com/quintilesims/orca/rostrum/src/components/App.jsx","statementMap":{"0":{"start":{"line":8,"column":2},"end":{"line":18,"column":4}}},"fnMap":{"0":{"name":"App","decl":{"start":{"line":7,"column":9},"end":{"line":7,"column":12}},"loc":{"start":{"line":7,"column":15},"end":{"line":19,"column":1}},"line":7}},"branchMap":{},"s":{"0":1},"f":{"0":1},"b":{},"_coverageSchema":"332fd63041d2c1bcb487cc26dd0d5f7d97098a6c","hash":"99a4329e139b59c55b93a72695b323bf6d4e9820"}
,"/Users/tanner/go/src/github.com/quintilesims/orca/rostrum/src/components/Root.jsx": {"path":"/Users/tanner/go/src/github.com/quintilesims/orca/rostrum/src/components/Root.jsx","statementMap":{"0":{"start":{"line":14,"column":4},"end":{"line":14,"column":55}},"1":{"start":{"line":15,"column":4},"end":{"line":15,"column":57}},"2":{"start":{"line":16,"column":4},"end":{"line":16,"column":95}},"3":{"start":{"line":18,"column":4},"end":{"line":18,"column":69}},"4":{"start":{"line":19,"column":4},"end":{"line":19,"column":55}},"5":{"start":{"line":23,"column":4},"end":{"line":30,"column":6}},"6":{"start":{"line":24,"column":27},"end":{"line":24,"column":32}},"7":{"start":{"line":25,"column":6},"end":{"line":27,"column":7}},"8":{"start":{"line":26,"column":8},"end":{"line":26,"column":50}},"9":{"start":{"line":29,"column":6},"end":{"line":29,"column":37}},"10":{"start":{"line":34,"column":4},"end":{"line":36,"column":6}},"11":{"start":{"line":35,"column":6},"end":{"line":35,"column":60}},"12":{"start":{"line":40,"column":4},"end":{"line":51,"column":6}}},"fnMap":{"0":{"name":"(anonymous_0)","decl":{"start":{"line":13,"column":2},"end":{"line":13,"column":3}},"loc":{"start":{"line":13,"column":23},"end":{"line":20,"column":3}},"line":13},"1":{"name":"(anonymous_1)","decl":{"start":{"line":22,"column":2},"end":{"line":22,"column":3}},"loc":{"start":{"line":22,"column":25},"end":{"line":31,"column":3}},"line":22},"2":{"name":"(anonymous_2)","decl":{"start":{"line":23,"column":11},"end":{"line":23,"column":12}},"loc":{"start":{"line":23,"column":22},"end":{"line":30,"column":5}},"line":23},"3":{"name":"(anonymous_3)","decl":{"start":{"line":33,"column":2},"end":{"line":33,"column":3}},"loc":{"start":{"line":33,"column":18},"end":{"line":37,"column":3}},"line":33},"4":{"name":"(anonymous_4)","decl":{"start":{"line":34,"column":11},"end":{"line":34,"column":12}},"loc":{"start":{"line":35,"column":6},"end":{"line":35,"column":60}},"line":35},"5":{"name":"(anonymous_5)","decl":{"start":{"line":39,"column":2},"end":{"line":39,"column":3}},"loc":{"start":{"line":39,"column":11},"end":{"line":52,"column":3}},"line":39}},"branchMap":{"0":{"loc":{"start":{"line":14,"column":19},"end":{"line":14,"column":53}},"type":"cond-expr","locations":[{"start":{"line":14,"column":35},"end":{"line":14,"column":48}},{"start":{"line":14,"column":51},"end":{"line":14,"column":53}}],"line":14},"1":{"loc":{"start":{"line":25,"column":6},"end":{"line":27,"column":7}},"type":"if","locations":[{"start":{"line":25,"column":6},"end":{"line":27,"column":7}},{"start":{"line":25,"column":6},"end":{"line":27,"column":7}}],"line":25}},"s":{"0":2,"1":2,"2":2,"3":2,"4":2,"5":2,"6":0,"7":0,"8":0,"9":0,"10":2,"11":0,"12":2},"f":{"0":2,"1":2,"2":0,"3":2,"4":0,"5":2},"b":{"0":[2,0],"1":[0,0]},"_coverageSchema":"332fd63041d2c1bcb487cc26dd0d5f7d97098a6c","hash":"ccf85470155e6f1d2fb0f1d1ab6b33e1a7f796f8"}
,"/Users/tanner/go/src/github.com/quintilesims/orca/rostrum/src/components/auth/Auth.jsx": {"path":"/Users/tanner/go/src/github.com/quintilesims/orca/rostrum/src/components/auth/Auth.jsx","statementMap":{"0":{"start":{"line":13,"column":4},"end":{"line":13,"column":35}},"1":{"start":{"line":15,"column":15},"end":{"line":21,"column":5}},"2":{"start":{"line":16,"column":6},"end":{"line":20,"column":7}},"3":{"start":{"line":17,"column":8},"end":{"line":17,"column":26}},"4":{"start":{"line":19,"column":8},"end":{"line":19,"column":35}},"5":{"start":{"line":23,"column":30},"end":{"line":23,"column":40}},"6":{"start":{"line":24,"column":4},"end":{"line":24,"column":33}},"7":{"start":{"line":28,"column":30},"end":{"line":28,"column":40}},"8":{"start":{"line":29,"column":24},"end":{"line":29,"column":34}},"9":{"start":{"line":30,"column":4},"end":{"line":37,"column":5}},"10":{"start":{"line":31,"column":6},"end":{"line":36,"column":8}},"11":{"start":{"line":39,"column":4},"end":{"line":44,"column":6}},"12":{"start":{"line":48,"column":0},"end":{"line":50,"column":2}}},"fnMap":{"0":{"name":"(anonymous_0)","decl":{"start":{"line":12,"column":2},"end":{"line":12,"column":3}},"loc":{"start":{"line":12,"column":23},"end":{"line":25,"column":3}},"line":12},"1":{"name":"(anonymous_1)","decl":{"start":{"line":15,"column":15},"end":{"line":15,"column":16}},"loc":{"start":{"line":15,"column":33},"end":{"line":21,"column":5}},"line":15},"2":{"name":"(anonymous_2)","decl":{"start":{"line":27,"column":2},"end":{"line":27,"column":3}},"loc":{"start":{"line":27,"column":11},"end":{"line":45,"column":3}},"line":27}},"branchMap":{"0":{"loc":{"start":{"line":16,"column":6},"end":{"line":20,"column":7}},"type":"if","locations":[{"start":{"line":16,"column":6},"end":{"line":20,"column":7}},{"start":{"line":16,"column":6},"end":{"line":20,"column":7}}],"line":16},"1":{"loc":{"start":{"line":30,"column":4},"end":{"line":37,"column":5}},"type":"if","locations":[{"start":{"line":30,"column":4},"end":{"line":37,"column":5}},{"start":{"line":30,"column":4},"end":{"line":37,"column":5}}],"line":30}},"s":{"0":2,"1":2,"2":2,"3":0,"4":2,"5":2,"6":2,"7":2,"8":2,"9":2,"10":1,"11":1,"12":2},"f":{"0":2,"1":2,"2":2},"b":{"0":[0,2],"1":[1,1]},"_coverageSchema":"332fd63041d2c1bcb487cc26dd0d5f7d97098a6c","hash":"2ff455118185840ffcc31149022625c505d9b2c3"}
,"/Users/tanner/go/src/github.com/quintilesims/orca/rostrum/src/components/callback/Callback.jsx": {"path":"/Users/tanner/go/src/github.com/quintilesims/orca/rostrum/src/components/callback/Callback.jsx","statementMap":{"0":{"start":{"line":4,"column":2},"end":{"line":8,"column":4}}},"fnMap":{"0":{"name":"Callback","decl":{"start":{"line":3,"column":9},"end":{"line":3,"column":17}},"loc":{"start":{"line":3,"column":20},"end":{"line":9,"column":1}},"line":3}},"branchMap":{},"s":{"0":1},"f":{"0":1},"b":{},"_coverageSchema":"332fd63041d2c1bcb487cc26dd0d5f7d97098a6c","hash":"d0dae7763bb860efc24c950ad79860757bde1c50"}
,"/Users/tanner/go/src/github.com/quintilesims/orca/rostrum/src/components/namespaces/NamespaceCreate.jsx": {"path":"/Users/tanner/go/src/github.com/quintilesims/orca/rostrum/src/components/namespaces/NamespaceCreate.jsx","statementMap":{"0":{"start":{"line":9,"column":4},"end":{"line":9,"column":17}},"1":{"start":{"line":11,"column":4},"end":{"line":11,"column":53}},"2":{"start":{"line":12,"column":4},"end":{"line":12,"column":53}},"3":{"start":{"line":16,"column":4},"end":{"line":16,"column":27}},"4":{"start":{"line":18,"column":51},"end":{"line":18,"column":61}},"5":{"start":{"line":20,"column":4},"end":{"line":20,"column":59}},"6":{"start":{"line":24,"column":4},"end":{"line":24,"column":27}},"7":{"start":{"line":26,"column":62},"end":{"line":26,"column":72}},"8":{"start":{"line":28,"column":4},"end":{"line":28,"column":50}},"9":{"start":{"line":32,"column":37},"end":{"line":32,"column":47}},"10":{"start":{"line":34,"column":4},"end":{"line":54,"column":6}},"11":{"start":{"line":58,"column":0},"end":{"line":62,"column":2}},"12":{"start":{"line":64,"column":24},"end":{"line":66,"column":2}},"13":{"start":{"line":64,"column":34},"end":{"line":66,"column":1}},"14":{"start":{"line":68,"column":27},"end":{"line":73,"column":2}},"15":{"start":{"line":68,"column":40},"end":{"line":73,"column":1}},"16":{"start":{"line":70,"column":4},"end":{"line":70,"column":62}},"17":{"start":{"line":72,"column":40},"end":{"line":72,"column":76}}},"fnMap":{"0":{"name":"(anonymous_0)","decl":{"start":{"line":8,"column":2},"end":{"line":8,"column":3}},"loc":{"start":{"line":8,"column":21},"end":{"line":13,"column":3}},"line":8},"1":{"name":"(anonymous_1)","decl":{"start":{"line":15,"column":2},"end":{"line":15,"column":3}},"loc":{"start":{"line":15,"column":22},"end":{"line":21,"column":3}},"line":15},"2":{"name":"(anonymous_2)","decl":{"start":{"line":23,"column":2},"end":{"line":23,"column":3}},"loc":{"start":{"line":23,"column":22},"end":{"line":29,"column":3}},"line":23},"3":{"name":"(anonymous_3)","decl":{"start":{"line":31,"column":2},"end":{"line":31,"column":3}},"loc":{"start":{"line":31,"column":11},"end":{"line":55,"column":3}},"line":31},"4":{"name":"(anonymous_4)","decl":{"start":{"line":64,"column":24},"end":{"line":64,"column":25}},"loc":{"start":{"line":64,"column":34},"end":{"line":66,"column":1}},"line":64},"5":{"name":"(anonymous_5)","decl":{"start":{"line":68,"column":27},"end":{"line":68,"column":28}},"loc":{"start":{"line":68,"column":40},"end":{"line":73,"column":1}},"line":68},"6":{"name":"(anonymous_6)","decl":{"start":{"line":69,"column":38},"end":{"line":69,"column":39}},"loc":{"start":{"line":70,"column":4},"end":{"line":70,"column":62}},"line":70},"7":{"name":"(anonymous_7)","decl":{"start":{"line":72,"column":27},"end":{"line":72,"column":28}},"loc":{"start":{"line":72,"column":40},"end":{"line":72,"column":76}},"line":72}},"branchMap":{},"s":{"0":3,"1":3,"2":3,"3":1,"4":1,"5":1,"6":1,"7":1,"8":1,"9":3,"10":3,"11":5,"12":5,"13":0,"14":5,"15":0,"16":0,"17":0},"f":{"0":3,"1":1,"2":1,"3":3,"4":0,"5":0,"6":0,"7":0},"b":{},"_coverageSchema":"332fd63041d2c1bcb487cc26dd0d5f7d97098a6c","hash":"a3392e66257df9c2f818e1df1599ef4e32e331ab"}
,"/Users/tanner/go/src/github.com/quintilesims/orca/rostrum/src/components/namespaces/NamespaceList.jsx": {"path":"/Users/tanner/go/src/github.com/quintilesims/orca/rostrum/src/components/namespaces/NamespaceList.jsx","statementMap":{"0":{"start":{"line":11,"column":38},"end":{"line":11,"column":48}},"1":{"start":{"line":13,"column":4},"end":{"line":13,"column":28}},"2":{"start":{"line":17,"column":33},"end":{"line":17,"column":43}},"3":{"start":{"line":19,"column":4},"end":{"line":25,"column":5}},"4":{"start":{"line":20,"column":6},"end":{"line":24,"column":8}},"5":{"start":{"line":27,"column":31},"end":{"line":33,"column":6}},"6":{"start":{"line":28,"column":6},"end":{"line":32,"column":8}},"7":{"start":{"line":35,"column":4},"end":{"line":41,"column":6}},"8":{"start":{"line":45,"column":0},"end":{"line":53,"column":2}},"9":{"start":{"line":55,"column":0},"end":{"line":57,"column":2}},"10":{"start":{"line":59,"column":24},"end":{"line":61,"column":2}},"11":{"start":{"line":59,"column":34},"end":{"line":61,"column":1}},"12":{"start":{"line":63,"column":27},"end":{"line":65,"column":2}},"13":{"start":{"line":63,"column":40},"end":{"line":65,"column":1}},"14":{"start":{"line":64,"column":31},"end":{"line":64,"column":56}}},"fnMap":{"0":{"name":"(anonymous_0)","decl":{"start":{"line":10,"column":2},"end":{"line":10,"column":3}},"loc":{"start":{"line":10,"column":22},"end":{"line":14,"column":3}},"line":10},"1":{"name":"(anonymous_1)","decl":{"start":{"line":16,"column":2},"end":{"line":16,"column":3}},"loc":{"start":{"line":16,"column":11},"end":{"line":42,"column":3}},"line":16},"2":{"name":"(anonymous_2)","decl":{"start":{"line":27,"column":52},"end":{"line":27,"column":53}},"loc":{"start":{"line":28,"column":6},"end":{"line":32,"column":8}},"line":28},"3":{"name":"(anonymous_3)","decl":{"start":{"line":59,"column":24},"end":{"line":59,"column":25}},"loc":{"start":{"line":59,"column":34},"end":{"line":61,"column":1}},"line":59},"4":{"name":"(anonymous_4)","decl":{"start":{"line":63,"column":27},"end":{"line":63,"column":28}},"loc":{"start":{"line":63,"column":40},"end":{"line":65,"column":1}},"line":63},"5":{"name":"(anonymous_5)","decl":{"start":{"line":64,"column":25},"end":{"line":64,"column":26}},"loc":{"start":{"line":64,"column":31},"end":{"line":64,"column":56}},"line":64}},"branchMap":{"0":{"loc":{"start":{"line":19,"column":4},"end":{"line":25,"column":5}},"type":"if","locations":[{"start":{"line":19,"column":4},"end":{"line":25,"column":5}},{"start":{"line":19,"column":4},"end":{"line":25,"column":5}}],"line":19}},"s":{"0":2,"1":2,"2":2,"3":2,"4":1,"5":1,"6":2,"7":1,"8":5,"9":5,"10":5,"11":0,"12":5,"13":0,"14":0},"f":{"0":2,"1":2,"2":2,"3":0,"4":0,"5":0},"b":{"0":[1,1]},"_coverageSchema":"332fd63041d2c1bcb487cc26dd0d5f7d97098a6c","hash":"28f07858c75dfaf00b3f61c90499a5ba8e4ee40a"}
,"/Users/tanner/go/src/github.com/quintilesims/orca/rostrum/src/components/namespaces/NamespaceListItem.jsx": {"path":"/Users/tanner/go/src/github.com/quintilesims/orca/rostrum/src/components/namespaces/NamespaceListItem.jsx","statementMap":{"0":{"start":{"line":9,"column":4},"end":{"line":9,"column":17}},"1":{"start":{"line":11,"column":4},"end":{"line":11,"column":53}},"2":{"start":{"line":12,"column":4},"end":{"line":12,"column":53}},"3":{"start":{"line":16,"column":51},"end":{"line":16,"column":61}},"4":{"start":{"line":17,"column":4},"end":{"line":17,"column":39}},"5":{"start":{"line":21,"column":51},"end":{"line":21,"column":61}},"6":{"start":{"line":22,"column":4},"end":{"line":22,"column":39}},"7":{"start":{"line":26,"column":52},"end":{"line":26,"column":62}},"8":{"start":{"line":27,"column":24},"end":{"line":27,"column":86}},"9":{"start":{"line":28,"column":27},"end":{"line":28,"column":76}},"10":{"start":{"line":30,"column":4},"end":{"line":49,"column":6}},"11":{"start":{"line":53,"column":0},"end":{"line":59,"column":2}},"12":{"start":{"line":61,"column":24},"end":{"line":63,"column":2}},"13":{"start":{"line":61,"column":34},"end":{"line":63,"column":1}},"14":{"start":{"line":65,"column":27},"end":{"line":68,"column":2}},"15":{"start":{"line":65,"column":40},"end":{"line":68,"column":1}},"16":{"start":{"line":66,"column":40},"end":{"line":66,"column":76}},"17":{"start":{"line":67,"column":40},"end":{"line":67,"column":76}}},"fnMap":{"0":{"name":"(anonymous_0)","decl":{"start":{"line":8,"column":2},"end":{"line":8,"column":3}},"loc":{"start":{"line":8,"column":21},"end":{"line":13,"column":3}},"line":8},"1":{"name":"(anonymous_1)","decl":{"start":{"line":15,"column":2},"end":{"line":15,"column":3}},"loc":{"start":{"line":15,"column":17},"end":{"line":18,"column":3}},"line":15},"2":{"name":"(anonymous_2)","decl":{"start":{"line":20,"column":2},"end":{"line":20,"column":3}},"loc":{"start":{"line":20,"column":17},"end":{"line":23,"column":3}},"line":20},"3":{"name":"(anonymous_3)","decl":{"start":{"line":25,"column":2},"end":{"line":25,"column":3}},"loc":{"start":{"line":25,"column":11},"end":{"line":50,"column":3}},"line":25},"4":{"name":"(anonymous_4)","decl":{"start":{"line":61,"column":24},"end":{"line":61,"column":25}},"loc":{"start":{"line":61,"column":34},"end":{"line":63,"column":1}},"line":61},"5":{"name":"(anonymous_5)","decl":{"start":{"line":65,"column":27},"end":{"line":65,"column":28}},"loc":{"start":{"line":65,"column":40},"end":{"line":68,"column":1}},"line":65},"6":{"name":"(anonymous_6)","decl":{"start":{"line":66,"column":27},"end":{"line":66,"column":28}},"loc":{"start":{"line":66,"column":40},"end":{"line":66,"column":76}},"line":66},"7":{"name":"(anonymous_7)","decl":{"start":{"line":67,"column":27},"end":{"line":67,"column":28}},"loc":{"start":{"line":67,"column":40},"end":{"line":67,"column":76}},"line":67}},"branchMap":{"0":{"loc":{"start":{"line":27,"column":24},"end":{"line":27,"column":86}},"type":"cond-expr","locations":[{"start":{"line":27,"column":50},"end":{"line":27,"column":69}},{"start":{"line":27,"column":72},"end":{"line":27,"column":86}}],"line":27},"1":{"loc":{"start":{"line":28,"column":27},"end":{"line":28,"column":76}},"type":"cond-expr","locations":[{"start":{"line":28,"column":61},"end":{"line":28,"column":71}},{"start":{"line":28,"column":74},"end":{"line":28,"column":76}}],"line":28}},"s":{"0":2,"1":2,"2":2,"3":0,"4":0,"5":0,"6":0,"7":2,"8":2,"9":2,"10":2,"11":6,"12":6,"13":0,"14":6,"15":0,"16":0,"17":0},"f":{"0":2,"1":0,"2":0,"3":2,"4":0,"5":0,"6":0,"7":0},"b":{"0":[1,1],"1":[0,2]},"_coverageSchema":"332fd63041d2c1bcb487cc26dd0d5f7d97098a6c","hash":"f0468b53f8b9fac9614eb1af5c5303b3a4296009"}
,"/Users/tanner/go/src/github.com/quintilesims/orca/rostrum/src/components/namespaces/Namespaces.jsx": {"path":"/Users/tanner/go/src/github.com/quintilesims/orca/rostrum/src/components/namespaces/Namespaces.jsx","statementMap":{"0":{"start":{"line":7,"column":2},"end":{"line":13,"column":4}}},"fnMap":{"0":{"name":"Namespaces","decl":{"start":{"line":6,"column":9},"end":{"line":6,"column":19}},"loc":{"start":{"line":6,"column":22},"end":{"line":14,"column":1}},"line":6}},"branchMap":{},"s":{"0":1},"f":{"0":1},"b":{},"_coverageSchema":"332fd63041d2c1bcb487cc26dd0d5f7d97098a6c","hash":"8a59af0c32538d6b2a8f6e2b97e5e3b93d9dfdee"}
,"/Users/tanner/go/src/github.com/quintilesims/orca/rostrum/src/components/navigationBar/NavigationBar.jsx": {"path":"/Users/tanner/go/src/github.com/quintilesims/orca/rostrum/src/components/navigationBar/NavigationBar.jsx","statementMap":{"0":{"start":{"line":6,"column":34},"end":{"line":6,"column":39}},"1":{"start":{"line":7,"column":2},"end":{"line":22,"column":3}},"2":{"start":{"line":8,"column":4},"end":{"line":21,"column":6}},"3":{"start":{"line":24,"column":2},"end":{"line":34,"column":4}},"4":{"start":{"line":37,"column":0},"end":{"line":41,"column":2}},"5":{"start":{"line":43,"column":0},"end":{"line":47,"column":2}}},"fnMap":{"0":{"name":"NavigationBar","decl":{"start":{"line":5,"column":9},"end":{"line":5,"column":22}},"loc":{"start":{"line":5,"column":30},"end":{"line":35,"column":1}},"line":5}},"branchMap":{"0":{"loc":{"start":{"line":7,"column":2},"end":{"line":22,"column":3}},"type":"if","locations":[{"start":{"line":7,"column":2},"end":{"line":22,"column":3}},{"start":{"line":7,"column":2},"end":{"line":22,"column":3}}],"line":7}},"s":{"0":3,"1":3,"2":2,"3":1,"4":3,"5":3},"f":{"0":3},"b":{"0":[2,1]},"_coverageSchema":"332fd63041d2c1bcb487cc26dd0d5f7d97098a6c","hash":"e819eefbafa4dbc03067d0de9208a1f93820433f"}
,"/Users/tanner/go/src/github.com/quintilesims/orca/rostrum/src/components/rolebindings/RolebindingCreate.jsx": {"path":"/Users/tanner/go/src/github.com/quintilesims/orca/rostrum/src/components/rolebindings/RolebindingCreate.jsx","statementMap":{"0":{"start":{"line":13,"column":4},"end":{"line":13,"column":17}},"1":{"start":{"line":15,"column":4},"end":{"line":15,"column":53}},"2":{"start":{"line":16,"column":4},"end":{"line":16,"column":53}},"3":{"start":{"line":20,"column":4},"end":{"line":20,"column":27}},"4":{"start":{"line":21,"column":53},"end":{"line":21,"column":63}},"5":{"start":{"line":22,"column":22},"end":{"line":22,"column":39}},"6":{"start":{"line":23,"column":23},"end":{"line":23,"column":41}},"7":{"start":{"line":24,"column":4},"end":{"line":24,"column":64}},"8":{"start":{"line":28,"column":4},"end":{"line":28,"column":27}},"9":{"start":{"line":34,"column":8},"end":{"line":34,"column":18}},"10":{"start":{"line":36,"column":4},"end":{"line":40,"column":6}},"11":{"start":{"line":48,"column":8},"end":{"line":48,"column":18}},"12":{"start":{"line":50,"column":31},"end":{"line":52,"column":6}},"13":{"start":{"line":51,"column":6},"end":{"line":51,"column":59}},"14":{"start":{"line":54,"column":4},"end":{"line":83,"column":6}},"15":{"start":{"line":87,"column":0},"end":{"line":94,"column":2}},"16":{"start":{"line":96,"column":24},"end":{"line":101,"column":2}},"17":{"start":{"line":96,"column":34},"end":{"line":101,"column":1}},"18":{"start":{"line":103,"column":27},"end":{"line":110,"column":2}},"19":{"start":{"line":103,"column":40},"end":{"line":110,"column":1}},"20":{"start":{"line":105,"column":4},"end":{"line":105,"column":58}},"21":{"start":{"line":108,"column":4},"end":{"line":108,"column":66}}},"fnMap":{"0":{"name":"(anonymous_0)","decl":{"start":{"line":12,"column":2},"end":{"line":12,"column":3}},"loc":{"start":{"line":12,"column":21},"end":{"line":17,"column":3}},"line":12},"1":{"name":"(anonymous_1)","decl":{"start":{"line":19,"column":2},"end":{"line":19,"column":3}},"loc":{"start":{"line":19,"column":22},"end":{"line":25,"column":3}},"line":19},"2":{"name":"(anonymous_2)","decl":{"start":{"line":27,"column":2},"end":{"line":27,"column":3}},"loc":{"start":{"line":27,"column":22},"end":{"line":41,"column":3}},"line":27},"3":{"name":"(anonymous_3)","decl":{"start":{"line":43,"column":2},"end":{"line":43,"column":3}},"loc":{"start":{"line":43,"column":11},"end":{"line":84,"column":3}},"line":43},"4":{"name":"(anonymous_4)","decl":{"start":{"line":50,"column":47},"end":{"line":50,"column":48}},"loc":{"start":{"line":51,"column":6},"end":{"line":51,"column":59}},"line":51},"5":{"name":"(anonymous_5)","decl":{"start":{"line":96,"column":24},"end":{"line":96,"column":25}},"loc":{"start":{"line":96,"column":34},"end":{"line":101,"column":1}},"line":96},"6":{"name":"(anonymous_6)","decl":{"start":{"line":103,"column":27},"end":{"line":103,"column":28}},"loc":{"start":{"line":103,"column":40},"end":{"line":110,"column":1}},"line":103},"7":{"name":"(anonymous_7)","decl":{"start":{"line":104,"column":29},"end":{"line":104,"column":30}},"loc":{"start":{"line":104,"column":59},"end":{"line":106,"column":3}},"line":104},"8":{"name":"(anonymous_8)","decl":{"start":{"line":107,"column":40},"end":{"line":107,"column":41}},"loc":{"start":{"line":107,"column":67},"end":{"line":109,"column":3}},"line":107}},"branchMap":{},"s":{"0":3,"1":3,"2":3,"3":1,"4":1,"5":1,"6":1,"7":1,"8":1,"9":1,"10":1,"11":3,"12":3,"13":0,"14":3,"15":5,"16":5,"17":0,"18":5,"19":0,"20":0,"21":0},"f":{"0":3,"1":1,"2":1,"3":3,"4":0,"5":0,"6":0,"7":0,"8":0},"b":{},"_coverageSchema":"332fd63041d2c1bcb487cc26dd0d5f7d97098a6c","hash":"558eff82a8e55ee0bc771657e01f59be645469e7"}
,"/Users/tanner/go/src/github.com/quintilesims/orca/rostrum/src/components/rolebindings/RolebindingList.jsx": {"path":"/Users/tanner/go/src/github.com/quintilesims/orca/rostrum/src/components/rolebindings/RolebindingList.jsx","statementMap":{"0":{"start":{"line":8,"column":46},"end":{"line":8,"column":51}},"1":{"start":{"line":10,"column":31},"end":{"line":12,"column":4}},"2":{"start":{"line":11,"column":4},"end":{"line":11,"column":61}},"3":{"start":{"line":14,"column":2},"end":{"line":19,"column":4}},"4":{"start":{"line":22,"column":0},"end":{"line":25,"column":2}},"5":{"start":{"line":27,"column":0},"end":{"line":29,"column":2}},"6":{"start":{"line":31,"column":24},"end":{"line":34,"column":2}},"7":{"start":{"line":31,"column":34},"end":{"line":34,"column":1}}},"fnMap":{"0":{"name":"RolebindingList","decl":{"start":{"line":7,"column":16},"end":{"line":7,"column":31}},"loc":{"start":{"line":7,"column":39},"end":{"line":20,"column":1}},"line":7},"1":{"name":"(anonymous_1)","decl":{"start":{"line":10,"column":48},"end":{"line":10,"column":49}},"loc":{"start":{"line":11,"column":4},"end":{"line":11,"column":61}},"line":11},"2":{"name":"(anonymous_2)","decl":{"start":{"line":31,"column":24},"end":{"line":31,"column":25}},"loc":{"start":{"line":31,"column":34},"end":{"line":34,"column":1}},"line":31}},"branchMap":{},"s":{"0":2,"1":2,"2":2,"3":2,"4":5,"5":5,"6":5,"7":0},"f":{"0":2,"1":2,"2":0},"b":{},"_coverageSchema":"332fd63041d2c1bcb487cc26dd0d5f7d97098a6c","hash":"7fe1f4c5750afeae65806494e50b31ec6a6090c2"}
,"/Users/tanner/go/src/github.com/quintilesims/orca/rostrum/src/components/rolebindings/RolebindingListItem.jsx": {"path":"/Users/tanner/go/src/github.com/quintilesims/orca/rostrum/src/components/rolebindings/RolebindingListItem.jsx","statementMap":{"0":{"start":{"line":10,"column":4},"end":{"line":10,"column":17}},"1":{"start":{"line":12,"column":4},"end":{"line":12,"column":53}},"2":{"start":{"line":20,"column":8},"end":{"line":20,"column":18}},"3":{"start":{"line":21,"column":4},"end":{"line":21,"column":66}},"4":{"start":{"line":27,"column":8},"end":{"line":27,"column":18}},"5":{"start":{"line":29,"column":4},"end":{"line":40,"column":6}},"6":{"start":{"line":44,"column":0},"end":{"line":48,"column":2}},"7":{"start":{"line":50,"column":24},"end":{"line":52,"column":2}},"8":{"start":{"line":50,"column":34},"end":{"line":52,"column":1}},"9":{"start":{"line":54,"column":27},"end":{"line":58,"column":2}},"10":{"start":{"line":54,"column":40},"end":{"line":58,"column":1}},"11":{"start":{"line":56,"column":4},"end":{"line":56,"column":56}}},"fnMap":{"0":{"name":"(anonymous_0)","decl":{"start":{"line":9,"column":2},"end":{"line":9,"column":3}},"loc":{"start":{"line":9,"column":21},"end":{"line":13,"column":3}},"line":9},"1":{"name":"(anonymous_1)","decl":{"start":{"line":15,"column":2},"end":{"line":15,"column":3}},"loc":{"start":{"line":15,"column":17},"end":{"line":22,"column":3}},"line":15},"2":{"name":"(anonymous_2)","decl":{"start":{"line":24,"column":2},"end":{"line":24,"column":3}},"loc":{"start":{"line":24,"column":11},"end":{"line":41,"column":3}},"line":24},"3":{"name":"(anonymous_3)","decl":{"start":{"line":50,"column":24},"end":{"line":50,"column":25}},"loc":{"start":{"line":50,"column":34},"end":{"line":52,"column":1}},"line":50},"4":{"name":"(anonymous_4)","decl":{"start":{"line":54,"column":27},"end":{"line":54,"column":28}},"loc":{"start":{"line":54,"column":40},"end":{"line":58,"column":1}},"line":54},"5":{"name":"(anonymous_5)","decl":{"start":{"line":55,"column":29},"end":{"line":55,"column":30}},"loc":{"start":{"line":55,"column":57},"end":{"line":57,"column":3}},"line":55}},"branchMap":{},"s":{"0":2,"1":2,"2":1,"3":1,"4":2,"5":2,"6":6,"7":6,"8":0,"9":6,"10":0,"11":0},"f":{"0":2,"1":1,"2":2,"3":0,"4":0,"5":0},"b":{},"_coverageSchema":"332fd63041d2c1bcb487cc26dd0d5f7d97098a6c","hash":"53bad19648f39ad94dd45c3b199d1d2671eb47e3"}
,"/Users/tanner/go/src/github.com/quintilesims/orca/rostrum/src/components/rolebindings/Rolebindings.jsx": {"path":"/Users/tanner/go/src/github.com/quintilesims/orca/rostrum/src/components/rolebindings/Rolebindings.jsx","statementMap":{"0":{"start":{"line":9,"column":32},"end":{"line":9,"column":37}},"1":{"start":{"line":10,"column":2},"end":{"line":17,"column":3}},"2":{"start":{"line":11,"column":4},"end":{"line":16,"column":6}},"3":{"start":{"line":19,"column":2},"end":{"line":23,"column":4}},"4":{"start":{"line":26,"column":0},"end":{"line":28,"column":2}},"5":{"start":{"line":30,"column":24},"end":{"line":32,"column":2}},"6":{"start":{"line":30,"column":34},"end":{"line":32,"column":1}}},"fnMap":{"0":{"name":"Rolebindings","decl":{"start":{"line":8,"column":16},"end":{"line":8,"column":28}},"loc":{"start":{"line":8,"column":36},"end":{"line":24,"column":1}},"line":8},"1":{"name":"(anonymous_1)","decl":{"start":{"line":30,"column":24},"end":{"line":30,"column":25}},"loc":{"start":{"line":30,"column":34},"end":{"line":32,"column":1}},"line":30}},"branchMap":{"0":{"loc":{"start":{"line":10,"column":2},"end":{"line":17,"column":3}},"type":"if","locations":[{"start":{"line":10,"column":2},"end":{"line":17,"column":3}},{"start":{"line":10,"column":2},"end":{"line":17,"column":3}}],"line":10}},"s":{"0":2,"1":2,"2":1,"3":1,"4":4,"5":4,"6":0},"f":{"0":2,"1":0},"b":{"0":[1,1]},"_coverageSchema":"332fd63041d2c1bcb487cc26dd0d5f7d97098a6c","hash":"2acf963dc139c4a8866732b9cfe1efcfccb9da9f"}
,"/Users/tanner/go/src/github.com/quintilesims/orca/rostrum/src/middleware/errors/middleware.js": {"path":"/Users/tanner/go/src/github.com/quintilesims/orca/rostrum/src/middleware/errors/middleware.js","statementMap":{"0":{"start":{"line":3,"column":24},"end":{"line":18,"column":1}},"1":{"start":{"line":3,"column":30},"end":{"line":18,"column":1}},"2":{"start":{"line":3,"column":38},"end":{"line":18,"column":1}},"3":{"start":{"line":4,"column":2},"end":{"line":15,"column":3}},"4":{"start":{"line":5,"column":4},"end":{"line":14,"column":5}},"5":{"start":{"line":11,"column":6},"end":{"line":11,"column":88}},"6":{"start":{"line":13,"column":6},"end":{"line":13,"column":33}},"7":{"start":{"line":17,"column":2},"end":{"line":17,"column":15}}},"fnMap":{"0":{"name":"(anonymous_0)","decl":{"start":{"line":3,"column":24},"end":{"line":3,"column":25}},"loc":{"start":{"line":3,"column":30},"end":{"line":18,"column":1}},"line":3},"1":{"name":"(anonymous_1)","decl":{"start":{"line":3,"column":30},"end":{"line":3,"column":31}},"loc":{"start":{"line":3,"column":38},"end":{"line":18,"column":1}},"line":3},"2":{"name":"(anonymous_2)","decl":{"start":{"line":3,"column":38},"end":{"line":3,"column":39}},"loc":{"start":{"line":3,"column":50},"end":{"line":18,"column":1}},"line":3}},"branchMap":{"0":{"loc":{"start":{"line":4,"column":2},"end":{"line":15,"column":3}},"type":"if","locations":[{"start":{"line":4,"column":2},"end":{"line":15,"column":3}},{"start":{"line":4,"column":2},"end":{"line":15,"column":3}}],"line":4},"1":{"loc":{"start":{"line":5,"column":4},"end":{"line":14,"column":5}},"type":"if","locations":[{"start":{"line":5,"column":4},"end":{"line":14,"column":5}},{"start":{"line":5,"column":4},"end":{"line":14,"column":5}}],"line":5},"2":{"loc":{"start":{"line":6,"column":6},"end":{"line":9,"column":43}},"type":"binary-expr","locations":[{"start":{"line":6,"column":6},"end":{"line":6,"column":27}},{"start":{"line":7,"column":9},"end":{"line":7,"column":35}},{"start":{"line":8,"column":9},"end":{"line":8,"column":40}},{"start":{"line":9,"column":9},"end":{"line":9,"column":43}}],"line":6}},"s":{"0":2,"1":5,"2":5,"3":3,"4":2,"5":1,"6":1,"7":3},"f":{"0":5,"1":5,"2":3},"b":{"0":[2,1],"1":[1,1],"2":[2,1,1,1]},"_coverageSchema":"332fd63041d2c1bcb487cc26dd0d5f7d97098a6c","hash":"a86283d1d812800435b589450fe0516ff213d052"}
,"/Users/tanner/go/src/github.com/quintilesims/orca/rostrum/src/middleware/k8s/client.js": {"path":"/Users/tanner/go/src/github.com/quintilesims/orca/rostrum/src/middleware/k8s/client.js","statementMap":{"0":{"start":{"line":6,"column":32},"end":{"line":6,"column":55}},"1":{"start":{"line":7,"column":23},"end":{"line":12,"column":1}},"2":{"start":{"line":19,"column":2},"end":{"line":19,"column":46}},"3":{"start":{"line":24,"column":4},"end":{"line":24,"column":29}},"4":{"start":{"line":25,"column":4},"end":{"line":25,"column":29}},"5":{"start":{"line":29,"column":20},"end":{"line":31,"column":5}},"6":{"start":{"line":33,"column":4},"end":{"line":46,"column":5}},"7":{"start":{"line":35,"column":8},"end":{"line":35,"column":59}},"8":{"start":{"line":37,"column":8},"end":{"line":37,"column":56}},"9":{"start":{"line":39,"column":8},"end":{"line":39,"column":63}},"10":{"start":{"line":41,"column":8},"end":{"line":41,"column":62}},"11":{"start":{"line":43,"column":8},"end":{"line":45,"column":11}},"12":{"start":{"line":44,"column":10},"end":{"line":44,"column":59}},"13":{"start":{"line":50,"column":17},"end":{"line":50,"column":48}},"14":{"start":{"line":51,"column":4},"end":{"line":51,"column":61}},"15":{"start":{"line":55,"column":4},"end":{"line":55,"column":65}},"16":{"start":{"line":59,"column":4},"end":{"line":59,"column":62}},"17":{"start":{"line":63,"column":4},"end":{"line":63,"column":54}},"18":{"start":{"line":68,"column":4},"end":{"line":77,"column":5}},"19":{"start":{"line":70,"column":8},"end":{"line":70,"column":52}},"20":{"start":{"line":71,"column":8},"end":{"line":71,"column":14}},"21":{"start":{"line":74,"column":8},"end":{"line":76,"column":11}},"22":{"start":{"line":75,"column":10},"end":{"line":75,"column":74}},"23":{"start":{"line":79,"column":4},"end":{"line":83,"column":6}},"24":{"start":{"line":87,"column":4},"end":{"line":90,"column":6}},"25":{"start":{"line":94,"column":4},"end":{"line":97,"column":6}},"26":{"start":{"line":101,"column":17},"end":{"line":101,"column":70}},"27":{"start":{"line":102,"column":4},"end":{"line":106,"column":6}},"28":{"start":{"line":110,"column":4},"end":{"line":113,"column":6}},"29":{"start":{"line":117,"column":4},"end":{"line":120,"column":6}}},"fnMap":{"0":{"name":"getTokenFromSession","decl":{"start":{"line":15,"column":16},"end":{"line":15,"column":35}},"loc":{"start":{"line":15,"column":38},"end":{"line":20,"column":1}},"line":15},"1":{"name":"(anonymous_1)","decl":{"start":{"line":23,"column":2},"end":{"line":23,"column":3}},"loc":{"start":{"line":23,"column":75},"end":{"line":26,"column":3}},"line":23},"2":{"name":"(anonymous_2)","decl":{"start":{"line":28,"column":2},"end":{"line":28,"column":3}},"loc":{"start":{"line":28,"column":25},"end":{"line":47,"column":3}},"line":28},"3":{"name":"(anonymous_3)","decl":{"start":{"line":43,"column":27},"end":{"line":43,"column":28}},"loc":{"start":{"line":43,"column":48},"end":{"line":45,"column":9}},"line":43},"4":{"name":"(anonymous_4)","decl":{"start":{"line":49,"column":2},"end":{"line":49,"column":3}},"loc":{"start":{"line":49,"column":24},"end":{"line":52,"column":3}},"line":49},"5":{"name":"(anonymous_5)","decl":{"start":{"line":54,"column":2},"end":{"line":54,"column":3}},"loc":{"start":{"line":54,"column":24},"end":{"line":56,"column":3}},"line":54},"6":{"name":"(anonymous_6)","decl":{"start":{"line":58,"column":2},"end":{"line":58,"column":3}},"loc":{"start":{"line":58,"column":21},"end":{"line":60,"column":3}},"line":58},"7":{"name":"(anonymous_7)","decl":{"start":{"line":62,"column":2},"end":{"line":62,"column":3}},"loc":{"start":{"line":62,"column":19},"end":{"line":64,"column":3}},"line":62},"8":{"name":"(anonymous_8)","decl":{"start":{"line":66,"column":2},"end":{"line":66,"column":3}},"loc":{"start":{"line":66,"column":30},"end":{"line":84,"column":3}},"line":66},"9":{"name":"(anonymous_9)","decl":{"start":{"line":74,"column":27},"end":{"line":74,"column":28}},"loc":{"start":{"line":74,"column":48},"end":{"line":76,"column":9}},"line":74},"10":{"name":"(anonymous_10)","decl":{"start":{"line":86,"column":2},"end":{"line":86,"column":3}},"loc":{"start":{"line":86,"column":27},"end":{"line":91,"column":3}},"line":86},"11":{"name":"(anonymous_11)","decl":{"start":{"line":93,"column":2},"end":{"line":93,"column":3}},"loc":{"start":{"line":93,"column":23},"end":{"line":98,"column":3}},"line":93},"12":{"name":"(anonymous_12)","decl":{"start":{"line":100,"column":2},"end":{"line":100,"column":3}},"loc":{"start":{"line":100,"column":46},"end":{"line":107,"column":3}},"line":100},"13":{"name":"(anonymous_13)","decl":{"start":{"line":109,"column":2},"end":{"line":109,"column":3}},"loc":{"start":{"line":109,"column":44},"end":{"line":114,"column":3}},"line":109},"14":{"name":"(anonymous_14)","decl":{"start":{"line":116,"column":2},"end":{"line":116,"column":3}},"loc":{"start":{"line":116,"column":30},"end":{"line":121,"column":3}},"line":116}},"branchMap":{"0":{"loc":{"start":{"line":23,"column":14},"end":{"line":23,"column":41}},"type":"default-arg","locations":[{"start":{"line":23,"column":25},"end":{"line":23,"column":41}}],"line":23},"1":{"loc":{"start":{"line":23,"column":43},"end":{"line":23,"column":73}},"type":"default-arg","locations":[{"start":{"line":23,"column":54},"end":{"line":23,"column":73}}],"line":23},"2":{"loc":{"start":{"line":33,"column":4},"end":{"line":46,"column":5}},"type":"switch","locations":[{"start":{"line":34,"column":6},"end":{"line":35,"column":59}},{"start":{"line":36,"column":6},"end":{"line":37,"column":56}},{"start":{"line":38,"column":6},"end":{"line":39,"column":63}},{"start":{"line":40,"column":6},"end":{"line":41,"column":62}},{"start":{"line":42,"column":6},"end":{"line":45,"column":11}}],"line":33},"3":{"loc":{"start":{"line":68,"column":4},"end":{"line":77,"column":5}},"type":"switch","locations":[{"start":{"line":69,"column":6},"end":{"line":71,"column":14}},{"start":{"line":73,"column":6},"end":{"line":76,"column":11}}],"line":68}},"s":{"0":4,"1":4,"2":1,"3":18,"4":18,"5":5,"6":5,"7":1,"8":1,"9":1,"10":1,"11":1,"12":1,"13":1,"14":1,"15":1,"16":1,"17":1,"18":2,"19":1,"20":1,"21":1,"22":1,"23":1,"24":1,"25":1,"26":1,"27":1,"28":1,"29":1},"f":{"0":1,"1":18,"2":5,"3":1,"4":1,"5":1,"6":1,"7":1,"8":2,"9":1,"10":1,"11":1,"12":1,"13":1,"14":1},"b":{"0":[1],"1":[1],"2":[1,1,1,1,1],"3":[1,1]},"_coverageSchema":"332fd63041d2c1bcb487cc26dd0d5f7d97098a6c","hash":"ea31d0cfdddf53f25ee288a2900f392ce523a807"}
,"/Users/tanner/go/src/github.com/quintilesims/orca/rostrum/src/middleware/k8s/k8sActions.js": {"path":"/Users/tanner/go/src/github.com/quintilesims/orca/rostrum/src/middleware/k8s/k8sActions.js","statementMap":{"0":{"start":{"line":8,"column":2},"end":{"line":17,"column":4}},"1":{"start":{"line":9,"column":4},"end":{"line":9,"column":62}},"2":{"start":{"line":10,"column":4},"end":{"line":16,"column":9}},"3":{"start":{"line":12,"column":8},"end":{"line":12,"column":51}},"4":{"start":{"line":15,"column":8},"end":{"line":15,"column":63}},"5":{"start":{"line":21,"column":2},"end":{"line":27,"column":7}},"6":{"start":{"line":21,"column":21},"end":{"line":27,"column":6}},"7":{"start":{"line":23,"column":6},"end":{"line":23,"column":80}},"8":{"start":{"line":26,"column":6},"end":{"line":26,"column":61}},"9":{"start":{"line":31,"column":2},"end":{"line":51,"column":7}},"10":{"start":{"line":31,"column":21},"end":{"line":51,"column":6}},"11":{"start":{"line":33,"column":24},"end":{"line":33,"column":37}},"12":{"start":{"line":34,"column":31},"end":{"line":37,"column":9}},"13":{"start":{"line":34,"column":50},"end":{"line":37,"column":7}},"14":{"start":{"line":39,"column":6},"end":{"line":39,"column":72}},"15":{"start":{"line":40,"column":25},"end":{"line":40,"column":86}},"16":{"start":{"line":40,"column":65},"end":{"line":40,"column":85}},"17":{"start":{"line":41,"column":6},"end":{"line":45,"column":7}},"18":{"start":{"line":42,"column":8},"end":{"line":44,"column":9}},"19":{"start":{"line":43,"column":10},"end":{"line":43,"column":17}},"20":{"start":{"line":47,"column":6},"end":{"line":47,"column":64}},"21":{"start":{"line":50,"column":6},"end":{"line":50,"column":59}},"22":{"start":{"line":55,"column":2},"end":{"line":67,"column":7}},"23":{"start":{"line":55,"column":21},"end":{"line":67,"column":6}},"24":{"start":{"line":57,"column":24},"end":{"line":57,"column":37}},"25":{"start":{"line":58,"column":31},"end":{"line":61,"column":9}},"26":{"start":{"line":58,"column":55},"end":{"line":61,"column":7}},"27":{"start":{"line":63,"column":6},"end":{"line":63,"column":79}},"28":{"start":{"line":66,"column":6},"end":{"line":66,"column":59}},"29":{"start":{"line":72,"column":2},"end":{"line":101,"column":4}},"30":{"start":{"line":73,"column":4},"end":{"line":73,"column":77}},"31":{"start":{"line":74,"column":4},"end":{"line":100,"column":9}},"32":{"start":{"line":76,"column":18},"end":{"line":82,"column":10}},"33":{"start":{"line":78,"column":10},"end":{"line":78,"column":66}},"34":{"start":{"line":81,"column":10},"end":{"line":81,"column":86}},"35":{"start":{"line":85,"column":8},"end":{"line":97,"column":9}},"36":{"start":{"line":86,"column":10},"end":{"line":96,"column":15}},"37":{"start":{"line":87,"column":24},"end":{"line":93,"column":16}},"38":{"start":{"line":89,"column":16},"end":{"line":89,"column":72}},"39":{"start":{"line":92,"column":16},"end":{"line":92,"column":92}},"40":{"start":{"line":95,"column":14},"end":{"line":95,"column":69}},"41":{"start":{"line":99,"column":8},"end":{"line":99,"column":64}},"42":{"start":{"line":105,"column":2},"end":{"line":111,"column":7}},"43":{"start":{"line":105,"column":21},"end":{"line":111,"column":6}},"44":{"start":{"line":107,"column":6},"end":{"line":107,"column":97}},"45":{"start":{"line":110,"column":6},"end":{"line":110,"column":65}},"46":{"start":{"line":115,"column":2},"end":{"line":131,"column":7}},"47":{"start":{"line":115,"column":21},"end":{"line":131,"column":6}},"48":{"start":{"line":117,"column":24},"end":{"line":117,"column":37}},"49":{"start":{"line":118,"column":27},"end":{"line":118,"column":64}},"50":{"start":{"line":118,"column":45},"end":{"line":118,"column":63}},"51":{"start":{"line":120,"column":6},"end":{"line":120,"column":83}},"52":{"start":{"line":121,"column":6},"end":{"line":125,"column":7}},"53":{"start":{"line":122,"column":8},"end":{"line":124,"column":9}},"54":{"start":{"line":123,"column":10},"end":{"line":123,"column":17}},"55":{"start":{"line":127,"column":6},"end":{"line":127,"column":68}},"56":{"start":{"line":130,"column":6},"end":{"line":130,"column":63}},"57":{"start":{"line":135,"column":2},"end":{"line":143,"column":7}},"58":{"start":{"line":135,"column":21},"end":{"line":143,"column":6}},"59":{"start":{"line":137,"column":24},"end":{"line":137,"column":37}},"60":{"start":{"line":138,"column":27},"end":{"line":138,"column":64}},"61":{"start":{"line":138,"column":45},"end":{"line":138,"column":63}},"62":{"start":{"line":139,"column":6},"end":{"line":139,"column":90}},"63":{"start":{"line":142,"column":6},"end":{"line":142,"column":63}}},"fnMap":{"0":{"name":"namespaceCreate","decl":{"start":{"line":7,"column":16},"end":{"line":7,"column":31}},"loc":{"start":{"line":7,"column":46},"end":{"line":18,"column":1}},"line":7},"1":{"name":"(anonymous_1)","decl":{"start":{"line":8,"column":9},"end":{"line":8,"column":10}},"loc":{"start":{"line":8,"column":23},"end":{"line":17,"column":3}},"line":8},"2":{"name":"(anonymous_2)","decl":{"start":{"line":11,"column":12},"end":{"line":11,"column":13}},"loc":{"start":{"line":11,"column":18},"end":{"line":13,"column":7}},"line":11},"3":{"name":"(anonymous_3)","decl":{"start":{"line":14,"column":13},"end":{"line":14,"column":14}},"loc":{"start":{"line":14,"column":24},"end":{"line":16,"column":7}},"line":14},"4":{"name":"namespaceDelete","decl":{"start":{"line":20,"column":16},"end":{"line":20,"column":31}},"loc":{"start":{"line":20,"column":80},"end":{"line":28,"column":1}},"line":20},"5":{"name":"(anonymous_5)","decl":{"start":{"line":21,"column":9},"end":{"line":21,"column":10}},"loc":{"start":{"line":21,"column":21},"end":{"line":27,"column":6}},"line":21},"6":{"name":"(anonymous_6)","decl":{"start":{"line":22,"column":10},"end":{"line":22,"column":11}},"loc":{"start":{"line":22,"column":16},"end":{"line":24,"column":5}},"line":22},"7":{"name":"(anonymous_7)","decl":{"start":{"line":25,"column":11},"end":{"line":25,"column":12}},"loc":{"start":{"line":25,"column":22},"end":{"line":27,"column":5}},"line":25},"8":{"name":"namespaceDeleteCheckWatch","decl":{"start":{"line":30,"column":16},"end":{"line":30,"column":41}},"loc":{"start":{"line":30,"column":67},"end":{"line":52,"column":1}},"line":30},"9":{"name":"(anonymous_9)","decl":{"start":{"line":31,"column":9},"end":{"line":31,"column":10}},"loc":{"start":{"line":31,"column":21},"end":{"line":51,"column":6}},"line":31},"10":{"name":"(anonymous_10)","decl":{"start":{"line":32,"column":10},"end":{"line":32,"column":11}},"loc":{"start":{"line":32,"column":24},"end":{"line":48,"column":5}},"line":32},"11":{"name":"(anonymous_11)","decl":{"start":{"line":34,"column":41},"end":{"line":34,"column":42}},"loc":{"start":{"line":34,"column":50},"end":{"line":37,"column":7}},"line":34},"12":{"name":"(anonymous_12)","decl":{"start":{"line":40,"column":46},"end":{"line":40,"column":47}},"loc":{"start":{"line":40,"column":65},"end":{"line":40,"column":85}},"line":40},"13":{"name":"(anonymous_13)","decl":{"start":{"line":49,"column":11},"end":{"line":49,"column":12}},"loc":{"start":{"line":49,"column":22},"end":{"line":51,"column":5}},"line":49},"14":{"name":"namespaceList","decl":{"start":{"line":54,"column":16},"end":{"line":54,"column":29}},"loc":{"start":{"line":54,"column":38},"end":{"line":68,"column":1}},"line":54},"15":{"name":"(anonymous_15)","decl":{"start":{"line":55,"column":9},"end":{"line":55,"column":10}},"loc":{"start":{"line":55,"column":21},"end":{"line":67,"column":6}},"line":55},"16":{"name":"(anonymous_16)","decl":{"start":{"line":56,"column":10},"end":{"line":56,"column":11}},"loc":{"start":{"line":56,"column":24},"end":{"line":64,"column":5}},"line":56},"17":{"name":"(anonymous_17)","decl":{"start":{"line":58,"column":41},"end":{"line":58,"column":42}},"loc":{"start":{"line":58,"column":55},"end":{"line":61,"column":7}},"line":58},"18":{"name":"(anonymous_18)","decl":{"start":{"line":65,"column":11},"end":{"line":65,"column":12}},"loc":{"start":{"line":65,"column":22},"end":{"line":67,"column":5}},"line":65},"19":{"name":"rolebindingCreate","decl":{"start":{"line":70,"column":16},"end":{"line":70,"column":33}},"loc":{"start":{"line":70,"column":68},"end":{"line":102,"column":1}},"line":70},"20":{"name":"(anonymous_20)","decl":{"start":{"line":72,"column":9},"end":{"line":72,"column":10}},"loc":{"start":{"line":72,"column":23},"end":{"line":101,"column":3}},"line":72},"21":{"name":"(anonymous_21)","decl":{"start":{"line":76,"column":12},"end":{"line":76,"column":13}},"loc":{"start":{"line":76,"column":18},"end":{"line":82,"column":10}},"line":76},"22":{"name":"(anonymous_22)","decl":{"start":{"line":77,"column":14},"end":{"line":77,"column":15}},"loc":{"start":{"line":77,"column":20},"end":{"line":79,"column":9}},"line":77},"23":{"name":"(anonymous_23)","decl":{"start":{"line":80,"column":15},"end":{"line":80,"column":16}},"loc":{"start":{"line":80,"column":43},"end":{"line":82,"column":9}},"line":80},"24":{"name":"(anonymous_24)","decl":{"start":{"line":84,"column":13},"end":{"line":84,"column":14}},"loc":{"start":{"line":84,"column":31},"end":{"line":100,"column":7}},"line":84},"25":{"name":"(anonymous_25)","decl":{"start":{"line":87,"column":18},"end":{"line":87,"column":19}},"loc":{"start":{"line":87,"column":24},"end":{"line":93,"column":16}},"line":87},"26":{"name":"(anonymous_26)","decl":{"start":{"line":88,"column":20},"end":{"line":88,"column":21}},"loc":{"start":{"line":88,"column":26},"end":{"line":90,"column":15}},"line":88},"27":{"name":"(anonymous_27)","decl":{"start":{"line":91,"column":21},"end":{"line":91,"column":22}},"loc":{"start":{"line":91,"column":49},"end":{"line":93,"column":15}},"line":91},"28":{"name":"(anonymous_28)","decl":{"start":{"line":94,"column":19},"end":{"line":94,"column":20}},"loc":{"start":{"line":94,"column":40},"end":{"line":96,"column":13}},"line":94},"29":{"name":"rolebindingDelete","decl":{"start":{"line":104,"column":16},"end":{"line":104,"column":33}},"loc":{"start":{"line":104,"column":95},"end":{"line":112,"column":1}},"line":104},"30":{"name":"(anonymous_30)","decl":{"start":{"line":105,"column":9},"end":{"line":105,"column":10}},"loc":{"start":{"line":105,"column":21},"end":{"line":111,"column":6}},"line":105},"31":{"name":"(anonymous_31)","decl":{"start":{"line":106,"column":10},"end":{"line":106,"column":11}},"loc":{"start":{"line":106,"column":16},"end":{"line":108,"column":5}},"line":106},"32":{"name":"(anonymous_32)","decl":{"start":{"line":109,"column":11},"end":{"line":109,"column":12}},"loc":{"start":{"line":109,"column":22},"end":{"line":111,"column":5}},"line":109},"33":{"name":"rolebindingDeleteCheckWatch","decl":{"start":{"line":114,"column":16},"end":{"line":114,"column":43}},"loc":{"start":{"line":114,"column":82},"end":{"line":132,"column":1}},"line":114},"34":{"name":"(anonymous_34)","decl":{"start":{"line":115,"column":9},"end":{"line":115,"column":10}},"loc":{"start":{"line":115,"column":21},"end":{"line":131,"column":6}},"line":115},"35":{"name":"(anonymous_35)","decl":{"start":{"line":116,"column":10},"end":{"line":116,"column":11}},"loc":{"start":{"line":116,"column":24},"end":{"line":128,"column":5}},"line":116},"36":{"name":"(anonymous_36)","decl":{"start":{"line":118,"column":37},"end":{"line":118,"column":38}},"loc":{"start":{"line":118,"column":45},"end":{"line":118,"column":63}},"line":118},"37":{"name":"(anonymous_37)","decl":{"start":{"line":129,"column":11},"end":{"line":129,"column":12}},"loc":{"start":{"line":129,"column":22},"end":{"line":131,"column":5}},"line":129},"38":{"name":"rolebindingList","decl":{"start":{"line":134,"column":16},"end":{"line":134,"column":31}},"loc":{"start":{"line":134,"column":51},"end":{"line":144,"column":1}},"line":134},"39":{"name":"(anonymous_39)","decl":{"start":{"line":135,"column":9},"end":{"line":135,"column":10}},"loc":{"start":{"line":135,"column":21},"end":{"line":143,"column":6}},"line":135},"40":{"name":"(anonymous_40)","decl":{"start":{"line":136,"column":10},"end":{"line":136,"column":11}},"loc":{"start":{"line":136,"column":24},"end":{"line":140,"column":5}},"line":136},"41":{"name":"(anonymous_41)","decl":{"start":{"line":138,"column":37},"end":{"line":138,"column":38}},"loc":{"start":{"line":138,"column":45},"end":{"line":138,"column":63}},"line":138},"42":{"name":"(anonymous_42)","decl":{"start":{"line":141,"column":11},"end":{"line":141,"column":12}},"loc":{"start":{"line":141,"column":22},"end":{"line":143,"column":5}},"line":141}},"branchMap":{"0":{"loc":{"start":{"line":20,"column":51},"end":{"line":20,"column":78}},"type":"default-arg","locations":[{"start":{"line":20,"column":62},"end":{"line":20,"column":78}}],"line":20},"1":{"loc":{"start":{"line":42,"column":8},"end":{"line":44,"column":9}},"type":"if","locations":[{"start":{"line":42,"column":8},"end":{"line":44,"column":9}},{"start":{"line":42,"column":8},"end":{"line":44,"column":9}}],"line":42},"2":{"loc":{"start":{"line":85,"column":8},"end":{"line":97,"column":9}},"type":"if","locations":[{"start":{"line":85,"column":8},"end":{"line":97,"column":9}},{"start":{"line":85,"column":8},"end":{"line":97,"column":9}}],"line":85},"3":{"loc":{"start":{"line":104,"column":66},"end":{"line":104,"column":93}},"type":"default-arg","locations":[{"start":{"line":104,"column":77},"end":{"line":104,"column":93}}],"line":104},"4":{"loc":{"start":{"line":122,"column":8},"end":{"line":124,"column":9}},"type":"if","locations":[{"start":{"line":122,"column":8},"end":{"line":124,"column":9}},{"start":{"line":122,"column":8},"end":{"line":124,"column":9}}],"line":122}},"s":{"0":2,"1":2,"2":2,"3":1,"4":1,"5":2,"6":2,"7":1,"8":1,"9":3,"10":3,"11":2,"12":2,"13":1,"14":2,"15":2,"16":1,"17":2,"18":1,"19":1,"20":1,"21":1,"22":3,"23":3,"24":2,"25":2,"26":0,"27":2,"28":1,"29":8,"30":8,"31":8,"32":3,"33":2,"34":1,"35":5,"36":4,"37":3,"38":2,"39":1,"40":1,"41":1,"42":2,"43":2,"44":1,"45":1,"46":0,"47":0,"48":0,"49":0,"50":0,"51":0,"52":0,"53":0,"54":0,"55":0,"56":0,"57":6,"58":6,"59":3,"60":3,"61":0,"62":3,"63":3},"f":{"0":2,"1":2,"2":1,"3":1,"4":2,"5":2,"6":1,"7":1,"8":3,"9":3,"10":2,"11":1,"12":1,"13":1,"14":3,"15":3,"16":2,"17":0,"18":1,"19":8,"20":8,"21":3,"22":2,"23":1,"24":5,"25":3,"26":2,"27":1,"28":1,"29":2,"30":2,"31":1,"32":1,"33":0,"34":0,"35":0,"36":0,"37":0,"38":6,"39":6,"40":3,"41":0,"42":3},"b":{"0":[1],"1":[1,0],"2":[4,1],"3":[1],"4":[0,0]},"_coverageSchema":"332fd63041d2c1bcb487cc26dd0d5f7d97098a6c","hash":"48fbdbdee49ad73e4fd7dbe1f964f8b876d3d277"}
,"/Users/tanner/go/src/github.com/quintilesims/orca/rostrum/src/middleware/k8s/middleware.js": {"path":"/Users/tanner/go/src/github.com/quintilesims/orca/rostrum/src/middleware/k8s/middleware.js","statementMap":{"0":{"start":{"line":9,"column":22},"end":{"line":90,"column":1}},"1":{"start":{"line":9,"column":31},"end":{"line":90,"column":1}},"2":{"start":{"line":9,"column":39},"end":{"line":90,"column":1}},"3":{"start":{"line":10,"column":16},"end":{"line":10,"column":32}},"4":{"start":{"line":11,"column":19},"end":{"line":11,"column":31}},"5":{"start":{"line":13,"column":2},"end":{"line":16,"column":3}},"6":{"start":{"line":14,"column":35},"end":{"line":14,"column":47}},"7":{"start":{"line":15,"column":4},"end":{"line":15,"column":47}},"8":{"start":{"line":18,"column":2},"end":{"line":87,"column":3}},"9":{"start":{"line":20,"column":6},"end":{"line":20,"column":75}},"10":{"start":{"line":21,"column":6},"end":{"line":21,"column":12}},"11":{"start":{"line":24,"column":6},"end":{"line":24,"column":75}},"12":{"start":{"line":25,"column":6},"end":{"line":25,"column":12}},"13":{"start":{"line":28,"column":6},"end":{"line":28,"column":98}},"14":{"start":{"line":29,"column":6},"end":{"line":29,"column":12}},"15":{"start":{"line":32,"column":6},"end":{"line":34,"column":9}},"16":{"start":{"line":33,"column":8},"end":{"line":33,"column":91}},"17":{"start":{"line":36,"column":6},"end":{"line":36,"column":12}},"18":{"start":{"line":39,"column":6},"end":{"line":39,"column":20}},"19":{"start":{"line":40,"column":6},"end":{"line":40,"column":12}},"20":{"start":{"line":43,"column":6},"end":{"line":43,"column":55}},"21":{"start":{"line":44,"column":6},"end":{"line":44,"column":12}},"22":{"start":{"line":47,"column":6},"end":{"line":47,"column":75}},"23":{"start":{"line":48,"column":6},"end":{"line":48,"column":12}},"24":{"start":{"line":51,"column":6},"end":{"line":53,"column":9}},"25":{"start":{"line":55,"column":6},"end":{"line":55,"column":12}},"26":{"start":{"line":58,"column":6},"end":{"line":58,"column":97}},"27":{"start":{"line":59,"column":6},"end":{"line":59,"column":12}},"28":{"start":{"line":62,"column":6},"end":{"line":64,"column":9}},"29":{"start":{"line":66,"column":6},"end":{"line":66,"column":12}},"30":{"start":{"line":69,"column":6},"end":{"line":73,"column":9}},"31":{"start":{"line":70,"column":8},"end":{"line":72,"column":11}},"32":{"start":{"line":75,"column":6},"end":{"line":75,"column":12}},"33":{"start":{"line":78,"column":6},"end":{"line":78,"column":20}},"34":{"start":{"line":79,"column":6},"end":{"line":79,"column":12}},"35":{"start":{"line":82,"column":6},"end":{"line":82,"column":75}},"36":{"start":{"line":83,"column":6},"end":{"line":83,"column":12}},"37":{"start":{"line":86,"column":6},"end":{"line":86,"column":12}},"38":{"start":{"line":89,"column":2},"end":{"line":89,"column":15}}},"fnMap":{"0":{"name":"(anonymous_0)","decl":{"start":{"line":9,"column":22},"end":{"line":9,"column":23}},"loc":{"start":{"line":9,"column":31},"end":{"line":90,"column":1}},"line":9},"1":{"name":"(anonymous_1)","decl":{"start":{"line":9,"column":31},"end":{"line":9,"column":32}},"loc":{"start":{"line":9,"column":39},"end":{"line":90,"column":1}},"line":9},"2":{"name":"(anonymous_2)","decl":{"start":{"line":9,"column":39},"end":{"line":9,"column":40}},"loc":{"start":{"line":9,"column":51},"end":{"line":90,"column":1}},"line":9},"3":{"name":"(anonymous_3)","decl":{"start":{"line":32,"column":29},"end":{"line":32,"column":30}},"loc":{"start":{"line":32,"column":39},"end":{"line":34,"column":7}},"line":32},"4":{"name":"(anonymous_4)","decl":{"start":{"line":69,"column":29},"end":{"line":69,"column":30}},"loc":{"start":{"line":69,"column":39},"end":{"line":73,"column":7}},"line":69}},"branchMap":{"0":{"loc":{"start":{"line":13,"column":2},"end":{"line":16,"column":3}},"type":"if","locations":[{"start":{"line":13,"column":2},"end":{"line":16,"column":3}},{"start":{"line":13,"column":2},"end":{"line":16,"column":3}}],"line":13},"1":{"loc":{"start":{"line":18,"column":2},"end":{"line":87,"column":3}},"type":"switch","locations":[{"start":{"line":19,"column":4},"end":{"line":21,"column":12}},{"start":{"line":23,"column":4},"end":{"line":25,"column":12}},{"start":{"line":27,"column":4},"end":{"line":29,"column":12}},{"start":{"line":31,"column":4},"end":{"line":36,"column":12}},{"start":{"line":38,"column":4},"end":{"line":40,"column":12}},{"start":{"line":42,"column":4},"end":{"line":44,"column":12}},{"start":{"line":46,"column":4},"end":{"line":48,"column":12}},{"start":{"line":50,"column":4},"end":{"line":55,"column":12}},{"start":{"line":57,"column":4},"end":{"line":59,"column":12}},{"start":{"line":61,"column":4},"end":{"line":66,"column":12}},{"start":{"line":68,"column":4},"end":{"line":75,"column":12}},{"start":{"line":77,"column":4},"end":{"line":79,"column":12}},{"start":{"line":81,"column":4},"end":{"line":83,"column":12}},{"start":{"line":85,"column":4},"end":{"line":86,"column":12}}],"line":18}},"s":{"0":3,"1":37,"2":37,"3":51,"4":51,"5":51,"6":0,"7":0,"8":51,"9":1,"10":1,"11":1,"12":1,"13":1,"14":1,"15":2,"16":0,"17":2,"18":2,"19":2,"20":2,"21":2,"22":1,"23":1,"24":1,"25":1,"26":1,"27":1,"28":1,"29":1,"30":2,"31":0,"32":2,"33":1,"34":1,"35":5,"36":5,"37":30,"38":51},"f":{"0":37,"1":37,"2":51,"3":0,"4":0},"b":{"0":[0,51],"1":[1,1,1,2,2,2,1,1,1,1,2,1,5,30]},"_coverageSchema":"332fd63041d2c1bcb487cc26dd0d5f7d97098a6c","hash":"d177bf3d17e6c89d43c894991d26f16ad00d1ce7"}
,"/Users/tanner/go/src/github.com/quintilesims/orca/rostrum/src/middleware/k8s/templates.js": {"path":"/Users/tanner/go/src/github.com/quintilesims/orca/rostrum/src/middleware/k8s/templates.js","statementMap":{"0":{"start":{"line":2,"column":2},"end":{"line":11,"column":4}},"1":{"start":{"line":19,"column":2},"end":{"line":33,"column":4}},"2":{"start":{"line":37,"column":2},"end":{"line":55,"column":4}}},"fnMap":{"0":{"name":"createNamespace","decl":{"start":{"line":1,"column":16},"end":{"line":1,"column":31}},"loc":{"start":{"line":1,"column":38},"end":{"line":12,"column":1}},"line":1},"1":{"name":"createAdminRole","decl":{"start":{"line":18,"column":16},"end":{"line":18,"column":31}},"loc":{"start":{"line":18,"column":43},"end":{"line":34,"column":1}},"line":18},"2":{"name":"createRolebinding","decl":{"start":{"line":36,"column":16},"end":{"line":36,"column":33}},"loc":{"start":{"line":36,"column":60},"end":{"line":56,"column":1}},"line":36}},"branchMap":{},"s":{"0":2,"1":2,"2":2},"f":{"0":2,"1":2,"2":2},"b":{},"_coverageSchema":"332fd63041d2c1bcb487cc26dd0d5f7d97098a6c","hash":"bf91e735b0c87d84672d817318e16d336b7ec519"}
,"/Users/tanner/go/src/github.com/quintilesims/orca/rostrum/src/reducers/config.js": {"path":"/Users/tanner/go/src/github.com/quintilesims/orca/rostrum/src/reducers/config.js","statementMap":{"0":{"start":{"line":1,"column":28},"end":{"line":1,"column":30}},"1":{"start":{"line":4,"column":2},"end":{"line":7,"column":3}},"2":{"start":{"line":6,"column":6},"end":{"line":6,"column":26}}},"fnMap":{"0":{"name":"configReducer","decl":{"start":{"line":3,"column":24},"end":{"line":3,"column":37}},"loc":{"start":{"line":3,"column":68},"end":{"line":8,"column":1}},"line":3}},"branchMap":{"0":{"loc":{"start":{"line":3,"column":38},"end":{"line":3,"column":58}},"type":"default-arg","locations":[{"start":{"line":3,"column":46},"end":{"line":3,"column":58}}],"line":3},"1":{"loc":{"start":{"line":4,"column":2},"end":{"line":7,"column":3}},"type":"switch","locations":[{"start":{"line":5,"column":4},"end":{"line":6,"column":26}}],"line":4}},"s":{"0":3,"1":8,"2":8},"f":{"0":8},"b":{"0":[6],"1":[8]},"_coverageSchema":"332fd63041d2c1bcb487cc26dd0d5f7d97098a6c","hash":"28678e3d9b1c09e071fdb7e8079e0c717c290700"}
,"/Users/tanner/go/src/github.com/quintilesims/orca/rostrum/src/reducers/namespaces.js": {"path":"/Users/tanner/go/src/github.com/quintilesims/orca/rostrum/src/reducers/namespaces.js","statementMap":{"0":{"start":{"line":7,"column":28},"end":{"line":11,"column":1}},"1":{"start":{"line":14,"column":2},"end":{"line":35,"column":3}},"2":{"start":{"line":16,"column":6},"end":{"line":19,"column":8}},"3":{"start":{"line":22,"column":6},"end":{"line":25,"column":8}},"4":{"start":{"line":28,"column":6},"end":{"line":31,"column":8}},"5":{"start":{"line":34,"column":6},"end":{"line":34,"column":19}}},"fnMap":{"0":{"name":"namespaceReducer","decl":{"start":{"line":13,"column":24},"end":{"line":13,"column":40}},"loc":{"start":{"line":13,"column":71},"end":{"line":36,"column":1}},"line":13}},"branchMap":{"0":{"loc":{"start":{"line":13,"column":41},"end":{"line":13,"column":61}},"type":"default-arg","locations":[{"start":{"line":13,"column":49},"end":{"line":13,"column":61}}],"line":13},"1":{"loc":{"start":{"line":14,"column":2},"end":{"line":35,"column":3}},"type":"switch","locations":[{"start":{"line":15,"column":4},"end":{"line":19,"column":8}},{"start":{"line":21,"column":4},"end":{"line":25,"column":8}},{"start":{"line":27,"column":4},"end":{"line":31,"column":8}},{"start":{"line":33,"column":4},"end":{"line":34,"column":19}}],"line":14}},"s":{"0":3,"1":11,"2":1,"3":1,"4":1,"5":8},"f":{"0":11},"b":{"0":[8],"1":[1,1,1,8]},"_coverageSchema":"332fd63041d2c1bcb487cc26dd0d5f7d97098a6c","hash":"1e0eae0b8d3347317d117f6d740b14ee70d9adb7"}
,"/Users/tanner/go/src/github.com/quintilesims/orca/rostrum/src/reducers/rolebindings.js": {"path":"/Users/tanner/go/src/github.com/quintilesims/orca/rostrum/src/reducers/rolebindings.js","statementMap":{"0":{"start":{"line":6,"column":20},"end":{"line":6,"column":29}},"1":{"start":{"line":7,"column":18},"end":{"line":7,"column":32}},"2":{"start":{"line":8,"column":28},"end":{"line":13,"column":1}},"3":{"start":{"line":16,"column":2},"end":{"line":42,"column":3}},"4":{"start":{"line":18,"column":6},"end":{"line":23,"column":7}},"5":{"start":{"line":19,"column":8},"end":{"line":22,"column":10}},"6":{"start":{"line":25,"column":6},"end":{"line":30,"column":7}},"7":{"start":{"line":26,"column":8},"end":{"line":29,"column":10}},"8":{"start":{"line":32,"column":6},"end":{"line":32,"column":19}},"9":{"start":{"line":35,"column":6},"end":{"line":38,"column":8}},"10":{"start":{"line":41,"column":6},"end":{"line":41,"column":19}}},"fnMap":{"0":{"name":"rolebindingReducer","decl":{"start":{"line":15,"column":24},"end":{"line":15,"column":42}},"loc":{"start":{"line":15,"column":73},"end":{"line":43,"column":1}},"line":15}},"branchMap":{"0":{"loc":{"start":{"line":15,"column":43},"end":{"line":15,"column":63}},"type":"default-arg","locations":[{"start":{"line":15,"column":51},"end":{"line":15,"column":63}}],"line":15},"1":{"loc":{"start":{"line":16,"column":2},"end":{"line":42,"column":3}},"type":"switch","locations":[{"start":{"line":17,"column":4},"end":{"line":32,"column":19}},{"start":{"line":34,"column":4},"end":{"line":38,"column":8}},{"start":{"line":40,"column":4},"end":{"line":41,"column":19}}],"line":16},"2":{"loc":{"start":{"line":18,"column":6},"end":{"line":23,"column":7}},"type":"if","locations":[{"start":{"line":18,"column":6},"end":{"line":23,"column":7}},{"start":{"line":18,"column":6},"end":{"line":23,"column":7}}],"line":18},"3":{"loc":{"start":{"line":25,"column":6},"end":{"line":30,"column":7}},"type":"if","locations":[{"start":{"line":25,"column":6},"end":{"line":30,"column":7}},{"start":{"line":25,"column":6},"end":{"line":30,"column":7}}],"line":25}},"s":{"0":3,"1":3,"2":3,"3":12,"4":3,"5":1,"6":2,"7":1,"8":1,"9":1,"10":8},"f":{"0":12},"b":{"0":[9],"1":[3,1,8],"2":[1,2],"3":[1,1]},"_coverageSchema":"332fd63041d2c1bcb487cc26dd0d5f7d97098a6c","hash":"e428083bff2f00bc19638838ea767ef71c94ae87"}
,"/Users/tanner/go/src/github.com/quintilesims/orca/rostrum/src/reducers/rootReducer.js": {"path":"/Users/tanner/go/src/github.com/quintilesims/orca/rostrum/src/reducers/rootReducer.js","statementMap":{"0":{"start":{"line":35,"column":20},"end":{"line":39,"column":2}}},"fnMap":{},"branchMap":{},"s":{"0":2},"f":{},"b":{},"_coverageSchema":"332fd63041d2c1bcb487cc26dd0d5f7d97098a6c","hash":"b6a3fc385b353bf84818be754a7a3b70af2fe17e"}
,"/Users/tanner/go/src/github.com/quintilesims/orca/rostrum/src/store/configureStore.js": {"path":"/Users/tanner/go/src/github.com/quintilesims/orca/rostrum/src/store/configureStore.js","statementMap":{"0":{"start":{"line":11,"column":2},"end":{"line":15,"column":4}}},"fnMap":{"0":{"name":"configureStore","decl":{"start":{"line":10,"column":24},"end":{"line":10,"column":38}},"loc":{"start":{"line":10,"column":53},"end":{"line":16,"column":1}},"line":10}},"branchMap":{},"s":{"0":2},"f":{"0":2},"b":{},"_coverageSchema":"332fd63041d2c1bcb487cc26dd0d5f7d97098a6c","hash":"7a902aafab068970142975219ecd237aa9221cb3"}
,"/Users/tanner/go/src/github.com/quintilesims/orca/rostrum/src/utils/watch.js": {"path":"/Users/tanner/go/src/github.com/quintilesims/orca/rostrum/src/utils/watch.js","statementMap":{"0":{"start":{"line":1,"column":32},"end":{"line":1,"column":36}},"1":{"start":{"line":4,"column":16},"end":{"line":7,"column":18}},"2":{"start":{"line":5,"column":17},"end":{"line":5,"column":48}},"3":{"start":{"line":5,"column":25},"end":{"line":5,"column":46}},"4":{"start":{"line":6,"column":4},"end":{"line":6,"column":13}}},"fnMap":{"0":{"name":"watch","decl":{"start":{"line":3,"column":24},"end":{"line":3,"column":29}},"loc":{"start":{"line":3,"column":48},"end":{"line":8,"column":1}},"line":3},"1":{"name":"(anonymous_1)","decl":{"start":{"line":4,"column":28},"end":{"line":4,"column":29}},"loc":{"start":{"line":4,"column":34},"end":{"line":7,"column":3}},"line":4},"2":{"name":"(anonymous_2)","decl":{"start":{"line":5,"column":17},"end":{"line":5,"column":18}},"loc":{"start":{"line":5,"column":23},"end":{"line":5,"column":48}},"line":5}},"branchMap":{},"s":{"0":3,"1":2,"2":0,"3":0,"4":0},"f":{"0":2,"1":0,"2":0},"b":{},"_coverageSchema":"332fd63041d2c1bcb487cc26dd0d5f7d97098a6c","hash":"c09ea6edb7c724cde6f144c6bf0c2dc6c8acdd6d"}
}
