TN:
SF:/Users/tanner/go/src/github.com/quintilesims/orca/rostrum/src/index.js
FN:9,_interopRequireDefault
FNF:1
FNH:0
FNDA:0,_interopRequireDefault
DA:1,0
DA:2,0
DA:3,0
DA:4,0
DA:6,0
DA:7,0
DA:9,0
DA:11,0
DA:16,0
LF:9
LH:0
BRDA:9,0,0,0
BRDA:9,0,1,0
BRDA:9,1,0,0
BRDA:9,1,1,0
BRF:4
BRH:0
end_of_record
TN:
SF:/Users/tanner/go/src/github.com/quintilesims/orca/rostrum/src/registerServiceWorker.js
FN:120,register
FN:124,(anonymous_1)
FN:127,(anonymous_2)
FN:128,registerValidSW
FN:128,(anonymous_4)
FN:128,(anonymous_5)
FN:128,(anonymous_6)
FN:135,(anonymous_7)
FN:135,checkValidServiceWorker
FN:136,(anonymous_9)
FN:138,(anonymous_10)
FN:138,(anonymous_11)
FN:139,(anonymous_12)
FN:139,unregister
FN:139,(anonymous_14)
FNF:15
FNH:0
FNDA:0,register
FNDA:0,(anonymous_1)
FNDA:0,(anonymous_2)
FNDA:0,registerValidSW
FNDA:0,(anonymous_4)
FNDA:0,(anonymous_5)
FNDA:0,(anonymous_6)
FNDA:0,(anonymous_7)
FNDA:0,checkValidServiceWorker
FNDA:0,(anonymous_9)
FNDA:0,(anonymous_10)
FNDA:0,(anonymous_11)
FNDA:0,(anonymous_12)
FNDA:0,unregister
FNDA:0,(anonymous_14)
DA:1,0
DA:21,0
DA:118,0
DA:120,0
DA:121,0
DA:124,0
DA:125,0
DA:127,0
DA:128,0
DA:132,0
DA:135,0
DA:136,0
DA:137,0
DA:138,0
DA:139,0
LF:15
LH:0
BRDA:118,0,0,0
BRDA:118,0,1,0
BRDA:118,0,2,0
BRDA:120,1,0,0
BRDA:120,1,1,0
BRDA:120,2,0,0
BRDA:120,2,1,0
BRDA:121,3,0,0
BRDA:121,3,1,0
BRDA:124,4,0,0
BRDA:124,4,1,0
BRDA:128,5,0,0
BRDA:128,5,1,0
BRDA:128,6,0,0
BRDA:128,6,1,0
BRDA:137,7,0,0
BRDA:137,7,1,0
BRDA:137,8,0,0
BRDA:137,8,1,0
BRDA:139,9,0,0
BRDA:139,9,1,0
BRF:21
BRH:0
end_of_record
TN:
SF:/Users/tanner/go/src/github.com/quintilesims/orca/rostrum/src/actions/actionTypes.js
FNF:0
FNH:0
DA:1,21
DA:2,21
DA:3,21
DA:4,21
DA:5,21
DA:6,21
DA:7,21
DA:8,21
DA:9,21
DA:10,21
DA:11,21
DA:12,21
DA:13,21
DA:14,21
DA:15,21
DA:16,21
DA:17,21
DA:18,21
DA:19,21
DA:20,21
DA:21,21
DA:22,21
DA:23,21
DA:24,21
DA:25,21
DA:26,21
DA:27,21
DA:28,21
LF:28
LH:28
BRF:0
BRH:0
end_of_record
TN:
SF:/Users/tanner/go/src/github.com/quintilesims/orca/rostrum/src/actions/namespaces.js
FN:3,namespaceCreate
FN:10,namespaceCreateError
FN:17,namespaceCreateChangeInput
FN:24,namespaceDelete
FN:31,namespaceDeleteCheckWatch
FN:39,namespaceDeleteError
FN:46,namespaceDeleteStartWatch
FN:54,namespaceDeleteStopWatch
FN:61,namespaceList
FN:67,namespaceListError
FN:74,namespaceListSuccess
FN:81,namespaceSelect
FNF:12
FNH:12
FNDA:1,namespaceCreate
FNDA:2,namespaceCreateError
FNDA:3,namespaceCreateChangeInput
FNDA:1,namespaceDelete
FNDA:1,namespaceDeleteCheckWatch
FNDA:2,namespaceDeleteError
FNDA:2,namespaceDeleteStartWatch
FNDA:2,namespaceDeleteStopWatch
FNDA:2,namespaceList
FNDA:3,namespaceListError
FNDA:5,namespaceListSuccess
FNDA:1,namespaceSelect
DA:4,1
DA:11,2
DA:18,3
DA:25,1
DA:32,1
DA:40,2
DA:47,2
DA:55,2
DA:62,2
DA:68,3
DA:75,5
DA:82,1
LF:12
LH:12
BRF:0
BRH:0
end_of_record
TN:
SF:/Users/tanner/go/src/github.com/quintilesims/orca/rostrum/src/actions/rolebindings.js
FN:4,rolebindingCreate
FN:13,rolebindingCreateError
FN:20,rolebindingCreateChangeInput
FN:28,rolebindingDelete
FN:36,rolebindingDeleteCheckWatch
FN:45,rolebindingDeleteError
FN:52,rolebindingDeleteStartWatch
FN:61,rolebindingDeleteStopWatch
FN:68,rolebindingList
FN:75,rolebindingListError
FN:82,rolebindingListSuccess
FNF:11
FNH:11
FNDA:1,rolebindingCreate
FNDA:3,rolebindingCreateError
FNDA:8,rolebindingCreateChangeInput
FNDA:1,rolebindingDelete
FNDA:1,rolebindingDeleteCheckWatch
FNDA:2,rolebindingDeleteError
FNDA:2,rolebindingDeleteStartWatch
FNDA:1,rolebindingDeleteStopWatch
FNDA:5,rolebindingList
FNDA:4,rolebindingListError
FNDA:4,rolebindingListSuccess
DA:5,1
DA:14,3
DA:21,8
DA:29,1
DA:37,1
DA:46,2
DA:53,2
DA:62,1
DA:69,5
DA:76,4
DA:83,4
LF:11
LH:11
BRF:0
BRH:0
end_of_record
TN:
SF:/Users/tanner/go/src/github.com/quintilesims/orca/rostrum/src/actions/roles.js
FN:3,roleCreate
FN:11,roleCreateError
FN:18,roleGet
FN:25,roleGetError
FNF:4
FNH:4
FNDA:1,roleCreate
FNDA:2,roleCreateError
FNDA:1,roleGet
FNDA:2,roleGetError
DA:4,1
DA:12,2
DA:19,1
DA:26,2
LF:4
LH:4
BRF:0
BRH:0
end_of_record
TN:
SF:/Users/tanner/go/src/github.com/quintilesims/orca/rostrum/src/authenticator/authenticator.js
FN:6,(anonymous_0)
FN:21,(anonymous_1)
FN:31,(anonymous_2)
FN:35,(anonymous_3)
FN:45,(anonymous_4)
FN:46,(anonymous_5)
FN:63,(anonymous_6)
FN:73,(anonymous_7)
FNF:8
FNH:8
FNDA:15,(anonymous_0)
FNDA:2,(anonymous_1)
FNDA:1,(anonymous_2)
FNDA:2,(anonymous_3)
FNDA:2,(anonymous_4)
FNDA:2,(anonymous_5)
FNDA:1,(anonymous_6)
FNDA:1,(anonymous_7)
DA:7,15
DA:15,15
DA:17,15
DA:18,15
DA:21,15
DA:24,2
DA:25,2
DA:27,2
DA:32,1
DA:36,2
DA:37,2
DA:38,1
DA:41,1
DA:46,2
DA:47,2
DA:48,1
DA:50,1
DA:51,1
DA:53,1
DA:59,2
DA:65,1
DA:66,1
DA:67,1
DA:69,1
DA:75,1
DA:76,1
DA:77,1
DA:79,1
DA:82,1
LF:29
LH:29
BRDA:37,0,0,1
BRDA:37,0,1,1
BRDA:47,1,0,1
BRDA:47,1,1,1
BRDA:47,2,0,2
BRDA:47,2,1,1
BRDA:51,3,0,1
BRDA:51,3,1,0
BRF:8
BRH:7
end_of_record
TN:
SF:/Users/tanner/go/src/github.com/quintilesims/orca/rostrum/src/authenticator/history.js
FNF:0
FNH:0
LF:0
LH:0
BRDA:4,0,0,3
BRDA:4,0,1,0
BRDA:4,1,0,3
BRDA:4,1,1,3
BRF:4
BRH:3
end_of_record
TN:
SF:/Users/tanner/go/src/github.com/quintilesims/orca/rostrum/src/components/App.jsx
FN:7,App
FNF:1
FNH:1
FNDA:1,App
DA:8,1
LF:1
LH:1
BRF:0
BRH:0
end_of_record
TN:
SF:/Users/tanner/go/src/github.com/quintilesims/orca/rostrum/src/components/Root.jsx
FN:13,(anonymous_0)
FN:22,(anonymous_1)
FN:23,(anonymous_2)
FN:33,(anonymous_3)
FN:34,(anonymous_4)
FN:39,(anonymous_5)
FNF:6
FNH:4
FNDA:2,(anonymous_0)
FNDA:2,(anonymous_1)
FNDA:0,(anonymous_2)
FNDA:2,(anonymous_3)
FNDA:0,(anonymous_4)
FNDA:2,(anonymous_5)
DA:14,2
DA:15,2
DA:16,2
DA:18,2
DA:19,2
DA:23,2
DA:24,0
DA:25,0
DA:26,0
DA:29,0
DA:34,2
DA:35,0
DA:40,2
LF:13
LH:8
BRDA:14,0,0,2
BRDA:14,0,1,0
BRDA:25,1,0,0
BRDA:25,1,1,0
BRF:4
BRH:1
end_of_record
TN:
SF:/Users/tanner/go/src/github.com/quintilesims/orca/rostrum/src/components/auth/Auth.jsx
FN:12,(anonymous_0)
FN:15,(anonymous_1)
FN:27,(anonymous_2)
FNF:3
FNH:3
FNDA:2,(anonymous_0)
FNDA:2,(anonymous_1)
FNDA:2,(anonymous_2)
DA:13,2
DA:15,2
DA:16,2
DA:17,0
DA:19,2
DA:23,2
DA:24,2
DA:28,2
DA:29,2
DA:30,2
DA:31,1
DA:39,1
DA:48,2
LF:13
LH:12
BRDA:16,0,0,0
BRDA:16,0,1,2
BRDA:30,1,0,1
BRDA:30,1,1,1
BRF:4
BRH:3
end_of_record
TN:
SF:/Users/tanner/go/src/github.com/quintilesims/orca/rostrum/src/components/callback/Callback.jsx
FN:3,Callback
FNF:1
FNH:1
FNDA:1,Callback
DA:4,1
LF:1
LH:1
BRF:0
BRH:0
end_of_record
TN:
SF:/Users/tanner/go/src/github.com/quintilesims/orca/rostrum/src/components/namespaces/NamespaceCreate.jsx
FN:8,(anonymous_0)
FN:15,(anonymous_1)
FN:23,(anonymous_2)
FN:31,(anonymous_3)
FN:64,(anonymous_4)
FN:68,(anonymous_5)
FN:69,(anonymous_6)
FN:72,(anonymous_7)
FNF:8
FNH:4
FNDA:3,(anonymous_0)
FNDA:1,(anonymous_1)
FNDA:1,(anonymous_2)
FNDA:3,(anonymous_3)
FNDA:0,(anonymous_4)
FNDA:0,(anonymous_5)
FNDA:0,(anonymous_6)
FNDA:0,(anonymous_7)
DA:9,3
DA:11,3
DA:12,3
DA:16,1
DA:18,1
DA:20,1
DA:24,1
DA:26,1
DA:28,1
DA:32,3
DA:34,3
DA:58,5
DA:64,5
DA:68,5
DA:70,0
DA:72,0
LF:16
LH:14
BRF:0
BRH:0
end_of_record
TN:
SF:/Users/tanner/go/src/github.com/quintilesims/orca/rostrum/src/components/namespaces/NamespaceList.jsx
FN:10,(anonymous_0)
FN:16,(anonymous_1)
FN:27,(anonymous_2)
FN:59,(anonymous_3)
FN:63,(anonymous_4)
FN:64,(anonymous_5)
FNF:6
FNH:3
FNDA:2,(anonymous_0)
FNDA:2,(anonymous_1)
FNDA:2,(anonymous_2)
FNDA:0,(anonymous_3)
FNDA:0,(anonymous_4)
FNDA:0,(anonymous_5)
DA:11,2
DA:13,2
DA:17,2
DA:19,2
DA:20,1
DA:27,1
DA:28,2
DA:35,1
DA:45,5
DA:55,5
DA:59,5
DA:63,5
DA:64,0
LF:13
LH:12
BRDA:19,0,0,1
BRDA:19,0,1,1
BRF:2
BRH:2
end_of_record
TN:
SF:/Users/tanner/go/src/github.com/quintilesims/orca/rostrum/src/components/namespaces/NamespaceListItem.jsx
FN:8,(anonymous_0)
FN:15,(anonymous_1)
FN:20,(anonymous_2)
FN:25,(anonymous_3)
FN:61,(anonymous_4)
FN:65,(anonymous_5)
FN:66,(anonymous_6)
FN:67,(anonymous_7)
FNF:8
FNH:2
FNDA:2,(anonymous_0)
FNDA:0,(anonymous_1)
FNDA:0,(anonymous_2)
FNDA:2,(anonymous_3)
FNDA:0,(anonymous_4)
FNDA:0,(anonymous_5)
FNDA:0,(anonymous_6)
FNDA:0,(anonymous_7)
DA:9,2
DA:11,2
DA:12,2
DA:16,0
DA:17,0
DA:21,0
DA:22,0
DA:26,2
DA:27,2
DA:28,2
DA:30,2
DA:53,6
DA:61,6
DA:65,6
DA:66,0
DA:67,0
LF:16
LH:10
BRDA:27,0,0,1
BRDA:27,0,1,1
BRDA:28,1,0,0
BRDA:28,1,1,2
BRF:4
BRH:3
end_of_record
TN:
SF:/Users/tanner/go/src/github.com/quintilesims/orca/rostrum/src/components/namespaces/Namespaces.jsx
FN:6,Namespaces
FNF:1
FNH:1
FNDA:1,Namespaces
DA:7,1
LF:1
LH:1
BRF:0
BRH:0
end_of_record
TN:
SF:/Users/tanner/go/src/github.com/quintilesims/orca/rostrum/src/components/navigationBar/NavigationBar.jsx
FN:5,NavigationBar
FNF:1
FNH:1
FNDA:3,NavigationBar
DA:6,3
DA:7,3
DA:8,2
DA:24,1
DA:37,3
DA:43,3
LF:6
LH:6
BRDA:7,0,0,2
BRDA:7,0,1,1
BRF:2
BRH:2
end_of_record
TN:
SF:/Users/tanner/go/src/github.com/quintilesims/orca/rostrum/src/components/rolebindings/RolebindingCreate.jsx
FN:12,(anonymous_0)
FN:19,(anonymous_1)
FN:27,(anonymous_2)
FN:43,(anonymous_3)
FN:50,(anonymous_4)
FN:96,(anonymous_5)
FN:103,(anonymous_6)
FN:104,(anonymous_7)
FN:107,(anonymous_8)
FNF:9
FNH:4
FNDA:3,(anonymous_0)
FNDA:1,(anonymous_1)
FNDA:1,(anonymous_2)
FNDA:3,(anonymous_3)
FNDA:0,(anonymous_4)
FNDA:0,(anonymous_5)
FNDA:0,(anonymous_6)
FNDA:0,(anonymous_7)
FNDA:0,(anonymous_8)
DA:13,3
DA:15,3
DA:16,3
DA:20,1
DA:21,1
DA:22,1
DA:23,1
DA:24,1
DA:28,1
DA:34,1
DA:36,1
DA:48,3
DA:50,3
DA:51,0
DA:54,3
DA:87,5
DA:96,5
DA:103,5
DA:105,0
DA:108,0
LF:20
LH:17
BRF:0
BRH:0
end_of_record
TN:
SF:/Users/tanner/go/src/github.com/quintilesims/orca/rostrum/src/components/rolebindings/RolebindingList.jsx
FN:7,RolebindingList
FN:10,(anonymous_1)
FN:31,(anonymous_2)
FNF:3
FNH:2
FNDA:2,RolebindingList
FNDA:2,(anonymous_1)
FNDA:0,(anonymous_2)
DA:8,2
DA:10,2
DA:11,2
DA:14,2
DA:22,5
DA:27,5
DA:31,5
LF:7
LH:7
BRF:0
BRH:0
end_of_record
TN:
SF:/Users/tanner/go/src/github.com/quintilesims/orca/rostrum/src/components/rolebindings/RolebindingListItem.jsx
FN:9,(anonymous_0)
FN:15,(anonymous_1)
FN:24,(anonymous_2)
FN:50,(anonymous_3)
FN:54,(anonymous_4)
FN:55,(anonymous_5)
FNF:6
FNH:3
FNDA:2,(anonymous_0)
FNDA:1,(anonymous_1)
FNDA:2,(anonymous_2)
FNDA:0,(anonymous_3)
FNDA:0,(anonymous_4)
FNDA:0,(anonymous_5)
DA:10,2
DA:12,2
DA:20,1
DA:21,1
DA:27,2
DA:29,2
DA:44,6
DA:50,6
DA:54,6
DA:56,0
LF:10
LH:9
BRF:0
BRH:0
end_of_record
TN:
SF:/Users/tanner/go/src/github.com/quintilesims/orca/rostrum/src/components/rolebindings/Rolebindings.jsx
FN:8,Rolebindings
FN:30,(anonymous_1)
FNF:2
FNH:1
FNDA:2,Rolebindings
FNDA:0,(anonymous_1)
DA:9,2
DA:10,2
DA:11,1
DA:19,1
DA:26,4
DA:30,4
LF:6
LH:6
BRDA:10,0,0,1
BRDA:10,0,1,1
BRF:2
BRH:2
end_of_record
TN:
SF:/Users/tanner/go/src/github.com/quintilesims/orca/rostrum/src/middleware/errors/middleware.js
FN:3,(anonymous_0)
FN:3,(anonymous_1)
FN:3,(anonymous_2)
FNF:3
FNH:3
FNDA:5,(anonymous_0)
FNDA:5,(anonymous_1)
FNDA:3,(anonymous_2)
DA:3,5
DA:4,3
DA:5,2
DA:11,1
DA:13,1
DA:17,3
LF:6
LH:6
BRDA:4,0,0,2
BRDA:4,0,1,1
BRDA:5,1,0,1
BRDA:5,1,1,1
BRDA:6,2,0,2
BRDA:6,2,1,1
BRDA:6,2,2,1
BRDA:6,2,3,1
BRF:8
BRH:8
end_of_record
TN:
SF:/Users/tanner/go/src/github.com/quintilesims/orca/rostrum/src/middleware/k8s/client.js
FN:15,getTokenFromSession
FN:23,(anonymous_1)
FN:28,(anonymous_2)
FN:43,(anonymous_3)
FN:49,(anonymous_4)
FN:54,(anonymous_5)
FN:58,(anonymous_6)
FN:62,(anonymous_7)
FN:66,(anonymous_8)
FN:74,(anonymous_9)
FN:86,(anonymous_10)
FN:93,(anonymous_11)
FN:100,(anonymous_12)
FN:109,(anonymous_13)
FN:116,(anonymous_14)
FNF:15
FNH:15
FNDA:1,getTokenFromSession
FNDA:18,(anonymous_1)
FNDA:5,(anonymous_2)
FNDA:1,(anonymous_3)
FNDA:1,(anonymous_4)
FNDA:1,(anonymous_5)
FNDA:1,(anonymous_6)
FNDA:1,(anonymous_7)
FNDA:2,(anonymous_8)
FNDA:1,(anonymous_9)
FNDA:1,(anonymous_10)
FNDA:1,(anonymous_11)
FNDA:1,(anonymous_12)
FNDA:1,(anonymous_13)
FNDA:1,(anonymous_14)
DA:6,4
DA:7,4
DA:19,1
DA:24,18
DA:25,18
DA:29,5
DA:33,5
DA:35,1
DA:37,1
DA:39,1
DA:41,1
DA:43,1
DA:44,1
DA:50,1
DA:51,1
DA:55,1
DA:59,1
DA:63,1
DA:68,2
DA:70,1
DA:71,1
DA:74,1
DA:75,1
DA:79,1
DA:87,1
DA:94,1
DA:101,1
DA:102,1
DA:110,1
DA:117,1
LF:30
LH:30
BRDA:23,0,0,1
BRDA:23,1,0,1
BRDA:33,2,0,1
BRDA:33,2,1,1
BRDA:33,2,2,1
BRDA:33,2,3,1
BRDA:33,2,4,1
BRDA:68,3,0,1
BRDA:68,3,1,1
BRF:9
BRH:9
end_of_record
TN:
SF:/Users/tanner/go/src/github.com/quintilesims/orca/rostrum/src/middleware/k8s/k8sActions.js
FN:7,namespaceCreate
FN:8,(anonymous_1)
FN:11,(anonymous_2)
FN:14,(anonymous_3)
FN:20,namespaceDelete
FN:21,(anonymous_5)
FN:22,(anonymous_6)
FN:25,(anonymous_7)
FN:30,namespaceDeleteCheckWatch
FN:31,(anonymous_9)
FN:32,(anonymous_10)
FN:34,(anonymous_11)
FN:40,(anonymous_12)
FN:49,(anonymous_13)
FN:54,namespaceList
FN:55,(anonymous_15)
FN:56,(anonymous_16)
FN:58,(anonymous_17)
FN:65,(anonymous_18)
FN:70,rolebindingCreate
FN:72,(anonymous_20)
FN:76,(anonymous_21)
FN:77,(anonymous_22)
FN:80,(anonymous_23)
FN:84,(anonymous_24)
FN:87,(anonymous_25)
FN:88,(anonymous_26)
FN:91,(anonymous_27)
FN:94,(anonymous_28)
FN:104,rolebindingDelete
FN:105,(anonymous_30)
FN:106,(anonymous_31)
FN:109,(anonymous_32)
FN:114,rolebindingDeleteCheckWatch
FN:115,(anonymous_34)
FN:116,(anonymous_35)
FN:118,(anonymous_36)
FN:129,(anonymous_37)
FN:134,rolebindingList
FN:135,(anonymous_39)
FN:136,(anonymous_40)
FN:138,(anonymous_41)
FN:141,(anonymous_42)
FNF:43
FNH:36
FNDA:2,namespaceCreate
FNDA:2,(anonymous_1)
FNDA:1,(anonymous_2)
FNDA:1,(anonymous_3)
FNDA:2,namespaceDelete
FNDA:2,(anonymous_5)
FNDA:1,(anonymous_6)
FNDA:1,(anonymous_7)
FNDA:3,namespaceDeleteCheckWatch
FNDA:3,(anonymous_9)
FNDA:2,(anonymous_10)
FNDA:1,(anonymous_11)
FNDA:1,(anonymous_12)
FNDA:1,(anonymous_13)
FNDA:3,namespaceList
FNDA:3,(anonymous_15)
FNDA:2,(anonymous_16)
FNDA:0,(anonymous_17)
FNDA:1,(anonymous_18)
FNDA:8,rolebindingCreate
FNDA:8,(anonymous_20)
FNDA:3,(anonymous_21)
FNDA:2,(anonymous_22)
FNDA:1,(anonymous_23)
FNDA:5,(anonymous_24)
FNDA:3,(anonymous_25)
FNDA:2,(anonymous_26)
FNDA:1,(anonymous_27)
FNDA:1,(anonymous_28)
FNDA:2,rolebindingDelete
FNDA:2,(anonymous_30)
FNDA:1,(anonymous_31)
FNDA:1,(anonymous_32)
FNDA:0,rolebindingDeleteCheckWatch
FNDA:0,(anonymous_34)
FNDA:0,(anonymous_35)
FNDA:0,(anonymous_36)
FNDA:0,(anonymous_37)
FNDA:6,rolebindingList
FNDA:6,(anonymous_39)
FNDA:3,(anonymous_40)
FNDA:0,(anonymous_41)
FNDA:3,(anonymous_42)
DA:8,2
DA:9,2
DA:10,2
DA:12,1
DA:15,1
DA:21,2
DA:23,1
DA:26,1
DA:31,3
DA:33,2
DA:34,2
DA:39,2
DA:40,2
DA:41,2
DA:42,1
DA:43,1
DA:47,1
DA:50,1
DA:55,3
DA:57,2
DA:58,2
DA:63,2
DA:66,1
DA:72,8
DA:73,8
DA:74,8
DA:76,3
DA:78,2
DA:81,1
DA:85,5
DA:86,4
DA:87,3
DA:89,2
DA:92,1
DA:95,1
DA:99,1
DA:105,2
DA:107,1
DA:110,1
DA:115,0
DA:117,0
DA:118,0
DA:120,0
DA:121,0
DA:122,0
DA:123,0
DA:127,0
DA:130,0
DA:135,6
DA:137,3
DA:138,3
DA:139,3
DA:142,3
LF:53
LH:44
BRDA:20,0,0,1
BRDA:42,1,0,1
BRDA:42,1,1,0
BRDA:85,2,0,4
BRDA:85,2,1,1
BRDA:104,3,0,1
BRDA:122,4,0,0
BRDA:122,4,1,0
BRF:8
BRH:5
end_of_record
TN:
SF:/Users/tanner/go/src/github.com/quintilesims/orca/rostrum/src/middleware/k8s/middleware.js
FN:9,(anonymous_0)
FN:9,(anonymous_1)
FN:9,(anonymous_2)
FN:32,(anonymous_3)
FN:69,(anonymous_4)
FNF:5
FNH:3
FNDA:37,(anonymous_0)
FNDA:37,(anonymous_1)
FNDA:51,(anonymous_2)
FNDA:0,(anonymous_3)
FNDA:0,(anonymous_4)
DA:9,37
DA:10,51
DA:11,51
DA:13,51
DA:14,0
DA:15,0
DA:18,51
DA:20,1
DA:21,1
DA:24,1
DA:25,1
DA:28,1
DA:29,1
DA:32,2
DA:33,0
DA:36,2
DA:39,2
DA:40,2
DA:43,2
DA:44,2
DA:47,1
DA:48,1
DA:51,1
DA:55,1
DA:58,1
DA:59,1
DA:62,1
DA:66,1
DA:69,2
DA:70,0
DA:75,2
DA:78,1
DA:79,1
DA:82,5
DA:83,5
DA:86,30
DA:89,51
LF:37
LH:33
BRDA:13,0,0,0
BRDA:13,0,1,51
BRDA:18,1,0,1
BRDA:18,1,1,1
BRDA:18,1,2,1
BRDA:18,1,3,2
BRDA:18,1,4,2
BRDA:18,1,5,2
BRDA:18,1,6,1
BRDA:18,1,7,1
BRDA:18,1,8,1
BRDA:18,1,9,1
BRDA:18,1,10,2
BRDA:18,1,11,1
BRDA:18,1,12,5
BRDA:18,1,13,30
BRF:16
BRH:15
end_of_record
TN:
SF:/Users/tanner/go/src/github.com/quintilesims/orca/rostrum/src/middleware/k8s/templates.js
FN:1,createNamespace
FN:18,createAdminRole
FN:36,createRolebinding
FNF:3
FNH:3
FNDA:2,createNamespace
FNDA:2,createAdminRole
FNDA:2,createRolebinding
DA:2,2
DA:19,2
DA:37,2
LF:3
LH:3
BRF:0
BRH:0
end_of_record
TN:
SF:/Users/tanner/go/src/github.com/quintilesims/orca/rostrum/src/reducers/config.js
FN:3,configReducer
FNF:1
FNH:1
FNDA:8,configReducer
DA:1,3
DA:4,8
DA:6,8
LF:3
LH:3
BRDA:3,0,0,6
BRDA:4,1,0,8
BRF:2
BRH:2
end_of_record
TN:
SF:/Users/tanner/go/src/github.com/quintilesims/orca/rostrum/src/reducers/namespaces.js
FN:13,namespaceReducer
FNF:1
FNH:1
FNDA:11,namespaceReducer
DA:7,3
DA:14,11
DA:16,1
DA:22,1
DA:28,1
DA:34,8
LF:6
LH:6
BRDA:13,0,0,8
BRDA:14,1,0,1
BRDA:14,1,1,1
BRDA:14,1,2,1
BRDA:14,1,3,8
BRF:5
BRH:5
end_of_record
TN:
SF:/Users/tanner/go/src/github.com/quintilesims/orca/rostrum/src/reducers/rolebindings.js
FN:15,rolebindingReducer
FNF:1
FNH:1
FNDA:12,rolebindingReducer
DA:6,3
DA:7,3
DA:8,3
DA:16,12
DA:18,3
DA:19,1
DA:25,2
DA:26,1
DA:32,1
DA:35,1
DA:41,8
LF:11
LH:11
BRDA:15,0,0,9
BRDA:16,1,0,3
BRDA:16,1,1,1
BRDA:16,1,2,8
BRDA:18,2,0,1
BRDA:18,2,1,2
BRDA:25,3,0,1
BRDA:25,3,1,1
BRF:8
BRH:8
end_of_record
TN:
SF:/Users/tanner/go/src/github.com/quintilesims/orca/rostrum/src/reducers/rootReducer.js
FNF:0
FNH:0
DA:35,2
LF:1
LH:1
BRF:0
BRH:0
end_of_record
TN:
SF:/Users/tanner/go/src/github.com/quintilesims/orca/rostrum/src/store/configureStore.js
FN:10,configureStore
FNF:1
FNH:1
FNDA:2,configureStore
DA:11,2
LF:1
LH:1
BRF:0
BRH:0
end_of_record
TN:
SF:/Users/tanner/go/src/github.com/quintilesims/orca/rostrum/src/utils/watch.js
FN:3,watch
FN:4,(anonymous_1)
FN:5,(anonymous_2)
FNF:3
FNH:1
FNDA:2,watch
FNDA:0,(anonymous_1)
FNDA:0,(anonymous_2)
DA:1,3
DA:4,2
DA:5,0
DA:6,0
LF:4
LH:2
BRF:0
BRH:0
end_of_record
